info: Blockchain Service Initialized
error: Redis Error: 
error: Redis Error: 
error: Redis Error: 
error: Redis Error: 
error: Redis Error: 
error: Redis Error: 
error: Redis Error: 
error: Redis Error: 
error: Redis Error: 
error: Redis Error: 
error: Redis Error: 
error: Redis Error: 
error: Redis Error: 
error: Redis Error: 
error: Redis Error: 
error: Redis Error: 
error: Redis Error: 
error: Redis Error: 
error: Redis Error: 
error: Redis Error: 
error: Redis Error: 
error: Redis Error: 
error: Redis Error: 
error: Redis Error: 
error: Redis Error: 
error: Redis Error: 
error: Redis Error: 
error: Redis Error: 
error: Redis Error: 
error: Redis Error: 
error: Redis Error: 
error: Redis Error: 
error: Redis Error: 
error: Redis Error: 
error: Redis Error: 
error: Redis Error: 
error: Redis Error: 
error: Redis Error: 
error: Redis Error: 
error: Redis Error: 
error: Redis Error: 
error: Redis Error: 
error: Redis Error: 
error: Redis Error: 
error: Redis Error: 
error: Redis Error: 
error: Redis Error: 
error: Redis Error: 
error: Redis Error: 
error: Redis Error: 
error: Redis Error: 
error: Redis Error: 
error: Redis Error: 
error: Redis Error: 
error: Redis Error: 
error: Redis Error: 
error: Redis Error: 
error: Redis Error: 
error: Redis Error: 
error: Redis Error: 
error: Redis Error: 
error: Redis Error: 
error: Redis Error: 
error: Redis Error: 
error: Redis Error: 
error: Redis Error: 
error: Redis Error: 
error: Redis Error: 
error: Redis Error: 
error: Redis Error: 
error: Redis Error: 
error: Redis Error: 
error: Redis Error: 
error: Redis Error: 
error: Redis Error: 
error: Redis Error: 
error: Redis Error: 
error: Redis Error: 
error: Redis Error: 
error: Redis Error: 
error: Redis Error: 
error: Redis Error: 
error: Redis Error: 
error: Redis Error: 
error: Redis Error: 
error: Redis Error: 
error: Redis Error: 
error: Redis Error: 
error: Redis Error: 
error: Redis Error: 
error: Redis Error: 
error: Redis Error: 
error: Redis Error: 
error: Redis Error: 
error: Redis Error: 
error: Redis Error: 
error: Redis Error: 
error: Redis Error: 
error: Redis Error: 
error: Redis Error: 
error: Redis Error: 
error: Redis Error: 
error: Redis Error: 
error: Redis Error: 
error: Redis Error: 
error: Redis Error: 
error: Redis Error: 
error: Redis Error: 
error: Redis Error: 
error: Redis Error: 
error: Redis Error: 
error: Redis Error: 
error: Redis Error: 
error: Redis Error: 
error: Redis Error: 
error: Redis Error: 
error: Redis Error: 
error: Redis Error: 
error: Redis Error: 
error: Redis Error: 
error: Redis Error: 
error: Redis Error: 
error: Redis Error: 
error: Redis Error: 
error: Redis Error: 
error: Redis Error: 
error: Redis Error: 
error: Redis Error: 
error: Redis Error: 
error: Redis Error: 
error: Redis Error: 
error: Redis Error: 
error: Redis Error: 
error: Redis Error: 
error: Redis Error: 
error: Redis Error: 
error: Redis Error: 
error: Redis Error: 
error: Redis Error: 
error: Redis Error: 
error: Redis Error: 
error: Redis Error: 
error: Redis Error: 
error: Redis Error: 
error: Redis Error: 
error: Redis Error: 
error: Redis Error: 
error: Redis Error: 
error: Redis Error: 
error: Redis Error: 
error: Redis Error: 
error: Redis Error: 
error: Redis Error: 
error: Redis Error: 
error: Redis Error: 
error: Redis Error: 
error: Redis Error: 
error: Redis Error: 
error: Redis Error: 
error: Redis Error: 
error: Redis Error: 
error: Redis Error: 
error: Redis Error: 
error: Redis Error: 
error: Redis Error: 
error: Redis Error: 
error: Redis Error: 
error: Redis Error: 
error: Redis Error: 
error: Redis Error: 
error: Redis Error: 
error: Redis Error: 
error: Redis Error: 
error: Redis Error: 
error: Redis Error: 
error: Redis Error: 
error: Redis Error: 
error: Redis Error: 
error: Redis Error: 
error: Redis Error: 
error: Redis Error: 
error: Redis Error: 
error: Redis Error: 
error: Redis Error: 
error: Redis Error: 
error: Redis Error: 
error: Redis Error: 
error: Redis Error: 
error: Redis Error: 
error: Redis Error: 
error: Redis Error: 
error: Redis Error: 
error: Redis Error: 
error: Redis Error: 
error: Redis Error: 
error: Redis Error: 
error: Redis Error: 
error: Redis Error: 
error: Redis Error: 
error: Redis Error: 
error: Redis Error: 
error: Redis Error: 
error: Redis Error: 
error: Redis Error: 
error: Redis Error: 
error: Redis Error: 
error: Redis Error: 
error: Redis Error: 
error: Redis Error: 
error: Redis Error: 
error: Redis Error: 
error: Redis Error: 
error: Redis Error: 
error: Redis Error: 
error: Redis Error: 
error: Redis Error: 
error: Redis Error: 
error: Redis Error: 
error: Redis Error: 
error: Redis Error: 
error: Redis Error: 
error: Redis Error: 
error: Redis Error: 
error: Redis Error: 
error: Redis Error: 
error: Redis Error: 
error: Redis Error: 
error: Redis Error: 
error: Redis Error: 
error: Redis Error: 
error: Redis Error: 
error: Redis Error: 
error: Redis Error: 
error: Redis Error: 
error: Redis Error: 
error: Redis Error: 
error: Redis Error: 
error: Redis Error: 
error: Redis Error: 
error: Redis Error: 
error: Redis Error: 
error: Redis Error: 
error: Redis Error: 
error: Redis Error: 
error: Redis Error: 
error: Redis Error: 
error: Redis Error: 
error: Redis Error: 
error: Redis Error: 
error: Redis Error: 
error: Redis Error: 
error: Redis Error: 
error: Redis Error: 
error: Redis Error: 
error: Redis Error: 
error: Redis Error: 
error: Redis Error: 
error: Redis Error: 
error: Redis Error: 
error: Redis Error: 
error: Redis Error: 
error: Redis Error: 
error: Redis Error: 
error: Redis Error: 
error: Redis Error: 
error: Redis Error: 
error: Redis Error: 
error: Redis Error: 
error: Redis Error: 
error: Redis Error: 
error: Redis Error: 
error: Redis Error: 
error: Redis Error: 
error: Redis Error: 
error: Redis Error: 
error: Redis Error: 
error: Redis Error: 
error: Redis Error: 
error: Redis Error: 
error: Redis Error: 
error: Redis Error: 
error: Redis Error: 
error: Redis Error: 
error: Redis Error: 
error: Redis Error: 
error: Redis Error: 
error: Redis Error: 
error: Redis Error: 
error: Redis Error: 
error: Redis Error: 
error: Redis Error: 
error: Redis Error: 
error: Redis Error: 
error: Redis Error: 
error: Redis Error: 
error: Redis Error: 
error: Redis Error: 
error: Redis Error: 
error: Redis Error: 
error: Redis Error: 
error: Redis Error: 
error: Redis Error: 
error: Redis Error: 
error: Redis Error: 
error: Redis Error: 
error: Redis Error: 
error: Redis Error: 
error: Redis Error: 
error: Redis Error: 
error: Redis Error: 
error: Redis Error: 
error: Redis Error: 
error: Redis Error: 
error: Redis Error: 
error: Redis Error: 
error: Redis Error: 
error: Redis Error: 
error: Redis Error: 
error: Redis Error: 
error: Redis Error: 
error: Redis Error: 
error: Redis Error: 
error: Redis Error: 
error: Redis Error: 
error: Redis Error: 
error: Redis Error: 
error: Redis Error: 
error: Redis Error: 
error: Redis Error: 
error: Redis Error: 
error: Redis Error: 
info: Calling AI analyze at http://127.0.0.1:8000/analyze
error: AI Service Error (analyze): data should be a string, Buffer or Uint8Array
info: Calling AI analyze at http://127.0.0.1:8000/analyze
error: AI Service Error (analyze): data should be a string, Buffer or Uint8Array
error: Redis Error: 
error: Redis Error: 
error: Redis Error: 
error: Redis Error: 
error: Redis Error: 
error: Redis Error: 
error: Redis Error: 
error: Redis Error: 
error: Redis Error: 
error: Redis Error: 
error: Redis Error: 
error: Redis Error: 
error: Redis Error: 
error: Redis Error: 
error: Redis Error: 
error: Redis Error: 
error: Redis Error: 
error: Redis Error: 
error: Redis Error: 
error: Redis Error: 
error: Redis Error: 
error: Redis Error: 
error: Redis Error: 
error: Redis Error: 
error: Redis Error: 
error: Redis Error: 
error: Redis Error: 
error: Redis Error: 
error: Redis Error: 
error: Redis Error: 
error: Redis Error: 
error: Redis Error: 
error: Redis Error: 
error: Redis Error: 
error: Redis Error: 
error: Redis Error: 
error: Redis Error: 
error: Redis Error: 
error: Redis Error: 
error: Redis Error: 
error: Redis Error: 
error: Redis Error: 
error: Redis Error: 
error: Redis Error: 
error: Redis Error: 
error: Redis Error: 
error: Redis Error: 
error: Redis Error: 
error: Redis Error: 
error: Redis Error: 
error: Redis Error: 
error: Redis Error: 
error: Redis Error: 
error: Redis Error: 
error: Redis Error: 
error: Redis Error: 
error: Redis Error: 
error: Redis Error: 
error: Redis Error: 
error: Redis Error: 
error: Redis Error: 
error: Redis Error: 
error: Redis Error: 
error: Redis Error: 
error: Redis Error: 
error: Redis Error: 
error: Redis Error: 
error: Redis Error: 
error: Redis Error: 
error: Redis Error: 
error: Redis Error: 
error: Redis Error: 
error: Redis Error: 
error: Redis Error: 
error: Redis Error: 
error: Redis Error: 
error: Redis Error: 
error: Redis Error: 
error: Redis Error: 
error: Redis Error: 
error: Redis Error: 
error: Redis Error: 
error: Redis Error: 
error: Redis Error: 
error: Redis Error: 
error: Redis Error: 
error: Redis Error: 
error: Redis Error: 
error: Redis Error: 
error: Redis Error: 
error: Redis Error: 
error: Redis Error: 
error: Redis Error: 
error: Redis Error: 
error: Redis Error: 
error: Redis Error: 
error: Redis Error: 
error: Redis Error: 
error: Redis Error: 
error: Redis Error: 
error: Redis Error: 
error: Redis Error: 
error: Redis Error: 
error: Redis Error: 
error: Redis Error: 
error: Redis Error: 
error: Redis Error: 
error: Redis Error: 
error: Redis Error: 
error: Redis Error: 
error: Redis Error: 
error: Redis Error: 
error: Redis Error: 
error: Redis Error: 
error: Redis Error: 
error: Redis Error: 
error: Redis Error: 
error: Redis Error: 
error: Redis Error: 
error: Redis Error: 
error: Redis Error: 
error: Redis Error: 
error: Redis Error: 
error: Redis Error: 
error: Redis Error: 
error: Redis Error: 
error: Redis Error: 
error: Redis Error: 
error: Redis Error: 
error: Redis Error: 
error: Redis Error: 
error: Redis Error: 
error: Redis Error: 
error: Redis Error: 
error: Redis Error: 
error: Redis Error: 
error: Redis Error: 
error: Redis Error: 
error: Redis Error: 
error: Redis Error: 
error: Redis Error: 
error: Redis Error: 
error: Redis Error: 
error: Redis Error: 
error: Redis Error: 
error: Redis Error: 
error: Redis Error: 
error: Redis Error: 
error: Redis Error: 
error: Redis Error: 
error: Redis Error: 
error: Redis Error: 
error: Redis Error: 
error: Redis Error: 
error: Redis Error: 
error: Redis Error: 
error: Redis Error: 
error: Redis Error: 
error: Redis Error: 
error: Redis Error: 
error: Redis Error: 
error: Redis Error: 
error: Redis Error: 
error: Redis Error: 
error: Redis Error: 
error: Redis Error: 
error: Redis Error: 
error: Redis Error: 
error: Redis Error: 
error: Redis Error: 
error: Redis Error: 
error: Redis Error: 
error: Redis Error: 
error: Redis Error: 
error: Redis Error: 
error: Redis Error: 
error: Redis Error: 
error: Redis Error: 
error: Redis Error: 
error: Redis Error: 
error: Redis Error: 
error: Redis Error: 
error: Redis Error: 
error: Redis Error: 
error: Redis Error: 
error: Redis Error: 
error: Redis Error: 
error: Redis Error: 
error: Redis Error: 
error: Redis Error: 
error: Redis Error: 
error: Redis Error: 
error: Redis Error: 
error: Redis Error: 
error: Redis Error: 
error: Redis Error: 
error: Redis Error: 
error: Redis Error: 
error: Redis Error: 
error: Redis Error: 
error: Redis Error: 
error: Redis Error: 
error: Redis Error: 
error: Redis Error: 
error: Redis Error: 
error: Redis Error: 
error: Redis Error: 
error: Redis Error: 
error: Redis Error: 
error: Redis Error: 
error: Redis Error: 
error: Redis Error: 
error: Redis Error: 
error: Redis Error: 
error: Redis Error: 
error: Redis Error: 
error: Redis Error: 
error: Redis Error: 
error: Redis Error: 
error: Redis Error: 
error: Redis Error: 
error: Redis Error: 
error: Redis Error: 
error: Redis Error: 
error: Redis Error: 
error: Redis Error: 
error: Redis Error: 
error: Redis Error: 
error: Redis Error: 
error: Redis Error: 
error: Redis Error: 
error: Redis Error: 
error: Redis Error: 
error: Redis Error: 
error: Redis Error: 
error: Redis Error: 
error: Redis Error: 
error: Redis Error: 
error: Redis Error: 
error: Redis Error: 
error: Redis Error: 
error: Redis Error: 
error: Redis Error: 
error: Redis Error: 
error: Redis Error: 
error: Redis Error: 
error: Redis Error: 
error: Redis Error: 
error: Redis Error: 
error: Redis Error: 
error: Redis Error: 
error: Redis Error: 
error: Redis Error: 
error: Redis Error: 
error: Redis Error: 
error: Redis Error: 
error: Redis Error: 
error: Redis Error: 
error: Redis Error: 
error: Redis Error: 
error: Redis Error: 
error: Redis Error: 
error: Redis Error: 
error: Redis Error: 
error: Redis Error: 
error: Redis Error: 
error: Redis Error: 
error: Redis Error: 
error: Redis Error: 
error: Redis Error: 
error: Redis Error: 
error: Redis Error: 
error: Redis Error: 
error: Redis Error: 
error: Redis Error: 
error: Redis Error: 
error: Redis Error: 
error: Redis Error: 
error: Redis Error: 
error: Redis Error: 
error: Redis Error: 
error: Redis Error: 
error: Redis Error: 
error: Redis Error: 
error: Redis Error: 
error: Redis Error: 
error: Redis Error: 
error: Redis Error: 
error: Redis Error: 
error: Redis Error: 
error: Redis Error: 
error: Redis Error: 
error: Redis Error: 
error: Redis Error: 
error: Redis Error: 
error: Redis Error: 
error: Redis Error: 
error: Redis Error: 
error: Redis Error: 
error: Redis Error: 
error: Redis Error: 
error: Redis Error: 
error: Redis Error: 
error: Redis Error: 
error: Redis Error: 
error: Redis Error: 
error: Redis Error: 
error: Redis Error: 
error: Redis Error: 
error: Redis Error: 
error: Redis Error: 
error: Redis Error: 
error: Redis Error: 
error: Redis Error: 
error: Redis Error: 
error: Redis Error: 
error: Redis Error: 
error: Redis Error: 
error: Redis Error: 
error: Redis Error: 
error: Redis Error: 
error: Redis Error: 
error: Redis Error: 
error: Redis Error: 
error: Redis Error: 
error: Redis Error: 
error: Redis Error: 
error: Redis Error: 
error: Redis Error: 
error: Redis Error: 
error: Redis Error: 
error: Redis Error: 
error: Redis Error: 
error: Redis Error: 
error: Redis Error: 
error: Redis Error: 
error: Redis Error: 
error: Redis Error: 
error: Redis Error: 
error: Redis Error: 
error: Redis Error: 
error: Redis Error: 
error: Redis Error: 
error: Redis Error: 
error: Redis Error: 
error: Redis Error: 
error: Redis Error: 
error: Redis Error: 
error: Redis Error: 
error: Redis Error: 
error: Redis Error: 
error: Redis Error: 
error: Redis Error: 
error: Redis Error: 
error: Redis Error: 
error: Redis Error: 
error: Redis Error: 
error: Redis Error: 
error: Redis Error: 
error: Redis Error: 
error: Redis Error: 
error: Redis Error: 
error: Redis Error: 
error: Redis Error: 
error: Redis Error: 
error: Redis Error: 
error: Redis Error: 
error: Redis Error: 
error: Redis Error: 
error: Redis Error: 
error: Redis Error: 
error: Redis Error: 
error: Redis Error: 
error: Redis Error: 
error: Redis Error: 
error: Redis Error: 
error: Redis Error: 
error: Redis Error: 
error: Redis Error: 
error: Redis Error: 
error: Redis Error: 
error: Redis Error: 
error: Redis Error: 
error: Redis Error: 
error: Redis Error: 
error: Redis Error: 
error: Redis Error: 
error: Redis Error: 
error: Redis Error: 
error: Redis Error: 
error: Redis Error: 
error: Redis Error: 
error: Redis Error: 
error: Redis Error: 
error: Redis Error: 
error: Redis Error: 
error: Redis Error: 
error: Redis Error: 
error: Redis Error: 
error: Redis Error: 
error: Redis Error: 
error: Redis Error: 
error: Redis Error: 
error: Redis Error: 
error: Redis Error: 
error: Redis Error: 
error: Redis Error: 
error: Redis Error: 
error: Redis Error: 
error: Redis Error: 
error: Redis Error: 
error: Redis Error: 
error: Redis Error: 
error: Redis Error: 
error: Redis Error: 
error: Redis Error: 
error: Redis Error: 
error: Redis Error: 
error: Redis Error: 
error: Redis Error: 
error: Redis Error: 
error: Redis Error: 
error: Redis Error: 
error: Redis Error: 
error: Redis Error: 
error: Redis Error: 
error: Redis Error: 
error: Redis Error: 
error: Redis Error: 
error: Redis Error: 
error: Redis Error: 
error: Redis Error: 
error: Redis Error: 
error: Redis Error: 
error: Redis Error: 
error: Redis Error: 
error: Redis Error: 
error: Redis Error: 
error: Redis Error: 
error: Redis Error: 
error: Redis Error: 
error: Redis Error: 
error: Redis Error: 
error: Redis Error: 
error: Redis Error: 
error: Redis Error: 
error: Redis Error: 
error: Redis Error: 
error: Redis Error: 
error: Redis Error: 
error: Redis Error: 
error: Redis Error: 
error: Redis Error: 
error: Redis Error: 
error: Redis Error: 
error: Redis Error: 
error: Redis Error: 
error: Redis Error: 
error: Redis Error: 
error: Redis Error: 
error: Redis Error: 
error: Redis Error: 
error: Redis Error: 
error: Redis Error: 
error: Redis Error: 
error: Redis Error: 
error: Redis Error: 
error: Redis Error: 
error: Redis Error: 
error: Redis Error: 
error: Redis Error: 
error: Redis Error: 
error: Redis Error: 
error: Redis Error: 
error: Redis Error: 
error: Redis Error: 
error: Redis Error: 
error: Redis Error: 
error: Redis Error: 
error: Redis Error: 
error: Redis Error: 
error: Redis Error: 
error: Redis Error: 
error: Redis Error: 
error: Redis Error: 
error: Redis Error: 
error: Redis Error: 
error: Redis Error: 
error: Redis Error: 
error: Redis Error: 
error: Redis Error: 
error: Redis Error: 
error: Redis Error: 
error: Redis Error: 
error: Redis Error: 
error: Redis Error: 
error: Redis Error: 
error: Redis Error: 
error: Redis Error: 
error: Redis Error: 
error: Redis Error: 
error: Redis Error: 
error: Redis Error: 
error: Redis Error: 
error: Redis Error: 
error: Redis Error: 
error: Redis Error: 
error: Redis Error: 
error: Redis Error: 
error: Redis Error: 
error: Redis Error: 
error: Redis Error: 
error: Redis Error: 
error: Redis Error: 
error: Redis Error: 
error: Redis Error: 
error: Redis Error: 
error: Redis Error: 
error: Redis Error: 
error: Redis Error: 
error: Redis Error: 
error: Redis Error: 
error: Redis Error: 
error: Redis Error: 
error: Redis Error: 
error: Redis Error: 
error: Redis Error: 
error: Redis Error: 
error: Redis Error: 
error: Redis Error: 
error: Redis Error: 
error: Redis Error: 
error: Redis Error: 
error: Redis Error: 
error: Redis Error: 
error: Redis Error: 
error: Redis Error: 
error: Redis Error: 
error: Redis Error: 
error: Redis Error: 
error: Redis Error: 
error: Redis Error: 
error: Redis Error: 
error: Redis Error: 
error: Redis Error: 
error: Redis Error: 
error: Redis Error: 
error: Redis Error: 
error: Redis Error: 
error: Redis Error: 
error: Redis Error: 
error: Redis Error: 
error: Redis Error: 
error: Redis Error: 
error: Redis Error: 
error: Redis Error: 
error: Redis Error: 
error: Redis Error: 
error: Redis Error: 
error: Redis Error: 
error: Redis Error: 
error: Redis Error: 
error: Redis Error: 
error: Redis Error: 
error: Redis Error: 
error: Redis Error: 
error: Redis Error: 
error: Redis Error: 
error: Redis Error: 
error: Redis Error: 
error: Redis Error: 
error: Redis Error: 
error: Redis Error: 
error: Redis Error: 
error: Redis Error: 
error: Redis Error: 
error: Redis Error: 
error: Redis Error: 
error: Redis Error: 
error: Redis Error: 
error: Redis Error: 
error: Redis Error: 
error: Redis Error: 
error: Redis Error: 
error: Redis Error: 
error: Redis Error: 
error: Redis Error: 
error: Redis Error: 
error: Redis Error: 
error: Redis Error: 
error: Redis Error: 
error: Redis Error: 
error: Redis Error: 
error: Redis Error: 
error: Redis Error: 
error: Redis Error: 
error: Redis Error: 
error: Redis Error: 
error: Redis Error: 
error: Redis Error: 
error: Redis Error: 
error: Redis Error: 
error: Redis Error: 
error: Redis Error: 
error: Redis Error: 
error: Redis Error: 
error: Redis Error: 
error: Redis Error: 
error: Redis Error: 
error: Redis Error: 
error: Redis Error: 
error: Redis Error: 
error: Redis Error: 
error: Redis Error: 
error: Redis Error: 
error: Redis Error: 
error: Redis Error: 
error: Redis Error: 
error: Redis Error: 
error: Redis Error: 
error: Redis Error: 
error: Redis Error: 
error: Redis Error: 
error: Redis Error: 
error: Redis Error: 
error: Redis Error: 
error: Redis Error: 
error: Redis Error: 
error: Redis Error: 
error: Redis Error: 
error: Redis Error: 
error: Redis Error: 
error: Redis Error: 
error: Redis Error: 
error: Redis Error: 
error: Redis Error: 
error: Redis Error: 
error: Redis Error: 
error: Redis Error: 
error: Redis Error: 
error: Redis Error: 
error: Redis Error: 
error: Redis Error: 
error: Redis Error: 
error: Redis Error: 
error: Redis Error: 
error: Redis Error: 
error: Redis Error: 
error: Redis Error: 
error: Redis Error: 
error: Redis Error: 
error: Redis Error: 
error: Redis Error: 
error: Redis Error: 
error: Redis Error: 
error: Redis Error: 
error: Redis Error: 
error: Redis Error: 
error: Redis Error: 
error: Redis Error: 
error: Redis Error: 
error: Redis Error: 
error: Redis Error: 
error: Redis Error: 
error: Redis Error: 
error: Redis Error: 
error: Redis Error: 
error: Redis Error: 
error: Redis Error: 
error: Redis Error: 
error: Redis Error: 
error: Redis Error: 
error: Redis Error: 
error: Redis Error: 
error: Redis Error: 
error: Redis Error: 
error: Redis Error: 
error: Redis Error: 
error: Redis Error: 
error: Redis Error: 
error: Redis Error: 
error: Redis Error: 
error: Redis Error: 
error: Redis Error: 
error: Redis Error: 
error: Redis Error: 
error: Redis Error: 
error: Redis Error: 
error: Redis Error: 
error: Redis Error: 
error: Redis Error: 
error: Redis Error: 
error: Redis Error: 
error: Redis Error: 
error: Redis Error: 
error: Redis Error: 
error: Redis Error: 
error: Redis Error: 
error: Redis Error: 
error: Redis Error: 
error: Redis Error: 
error: Redis Error: 
error: Redis Error: 
error: Redis Error: 
error: Redis Error: 
error: Redis Error: 
error: Redis Error: 
error: Redis Error: 
error: Redis Error: 
error: Redis Error: 
error: Redis Error: 
error: Redis Error: 
error: Redis Error: 
error: Redis Error: 
error: Redis Error: 
error: Redis Error: 
error: Redis Error: 
error: Redis Error: 
error: Redis Error: 
error: Redis Error: 
error: Redis Error: 
error: Redis Error: 
error: Redis Error: 
error: Redis Error: 
error: Redis Error: 
error: Redis Error: 
error: Redis Error: 
error: Redis Error: 
error: Redis Error: 
error: Redis Error: 
error: Redis Error: 
error: Redis Error: 
error: Redis Error: 
error: Redis Error: 
error: Redis Error: 
error: Redis Error: 
error: Redis Error: 
error: Redis Error: 
error: Redis Error: 
error: Redis Error: 
error: Redis Error: 
error: Redis Error: 
error: Redis Error: 
error: Redis Error: 
error: Redis Error: 
error: Redis Error: 
error: Redis Error: 
error: Redis Error: 
error: Redis Error: 
error: Redis Error: 
error: Redis Error: 
error: Redis Error: 
error: Redis Error: 
error: Redis Error: 
error: Redis Error: 
error: Redis Error: 
error: Redis Error: 
error: Redis Error: 
error: Redis Error: 
error: Redis Error: 
error: Redis Error: 
error: Redis Error: 
error: Redis Error: 
error: Redis Error: 
error: Redis Error: 
error: Redis Error: 
error: Redis Error: 
error: Redis Error: 
error: Redis Error: 
error: Redis Error: 
error: Redis Error: 
error: Redis Error: 
error: Redis Error: 
error: Redis Error: 
error: Redis Error: 
error: Redis Error: 
error: Redis Error: 
error: Redis Error: 
error: Redis Error: 
error: Redis Error: 
error: Redis Error: 
error: Redis Error: 
error: Redis Error: 
error: Redis Error: 
error: Redis Error: 
error: Redis Error: 
error: Redis Error: 
error: Redis Error: 
error: Redis Error: 
error: Redis Error: 
error: Redis Error: 
error: Redis Error: 
error: Redis Error: 
error: Redis Error: 
error: Redis Error: 
error: Redis Error: 
error: Redis Error: 
error: Redis Error: 
error: Redis Error: 
error: Redis Error: 
error: Redis Error: 
error: Redis Error: 
error: Redis Error: 
error: Redis Error: 
error: Redis Error: 
error: Redis Error: 
error: Redis Error: 
error: Redis Error: 
error: Redis Error: 
error: Redis Error: 
error: Redis Error: 
error: Redis Error: 
error: Redis Error: 
error: Redis Error: 
error: Redis Error: 
error: Redis Error: 
error: Redis Error: 
error: Redis Error: 
error: Redis Error: 
error: Redis Error: 
error: Redis Error: 
error: Redis Error: 
error: Redis Error: 
error: Redis Error: 
error: Redis Error: 
error: Redis Error: 
error: Redis Error: 
error: Redis Error: 
error: Redis Error: 
error: Redis Error: 
error: Redis Error: 
error: Redis Error: 
error: Redis Error: 
error: Redis Error: 
error: Redis Error: 
error: Redis Error: 
error: Redis Error: 
error: Redis Error: 
error: Redis Error: 
error: Redis Error: 
error: Redis Error: 
error: Redis Error: 
error: Redis Error: 
error: Redis Error: 
error: Redis Error: 
error: Redis Error: 
error: Redis Error: 
error: Redis Error: 
error: Redis Error: 
error: Redis Error: 
error: Redis Error: 
error: Redis Error: 
error: Redis Error: 
error: Redis Error: 
error: Redis Error: 
error: Redis Error: 
error: Redis Error: 
error: Redis Error: 
error: Redis Error: 
error: Redis Error: 
error: Redis Error: 
error: Redis Error: 
error: Redis Error: 
error: Redis Error: 
error: Redis Error: 
error: Redis Error: 
error: Redis Error: 
error: Redis Error: 
error: Redis Error: 
error: Redis Error: 
error: Redis Error: 
error: Redis Error: 
error: Redis Error: 
error: Redis Error: 
error: Redis Error: 
error: Redis Error: 
error: Redis Error: 
error: Redis Error: 
error: Redis Error: 
error: Redis Error: 
error: Redis Error: 
error: Redis Error: 
error: Redis Error: 
error: Redis Error: 
error: Redis Error: 
error: Redis Error: 
error: Redis Error: 
error: Redis Error: 
error: Redis Error: 
error: Redis Error: 
error: Redis Error: 
error: Redis Error: 
error: Redis Error: 
error: Redis Error: 
error: Redis Error: 
error: Redis Error: 
error: Redis Error: 
error: Redis Error: 
error: Redis Error: 
error: Redis Error: 
error: Redis Error: 
error: Redis Error: 
error: Redis Error: 
error: Redis Error: 
error: Redis Error: 
error: Redis Error: 
error: Redis Error: 
error: Redis Error: 
error: Redis Error: 
error: Redis Error: 
error: Redis Error: 
error: Redis Error: 
error: Redis Error: 
error: Redis Error: 
error: Redis Error: 
error: Redis Error: 
error: Redis Error: 
error: Redis Error: 
error: Redis Error: 
error: Redis Error: 
error: Redis Error: 
error: Redis Error: 
error: Redis Error: 
error: Redis Error: 
error: Redis Error: 
error: Redis Error: 
error: Redis Error: 
error: Redis Error: 
error: Redis Error: 
error: Redis Error: 
error: Redis Error: 
error: Redis Error: 
error: Redis Error: 
error: Redis Error: 
error: Redis Error: 
error: Redis Error: 
error: Redis Error: 
error: Redis Error: 
error: Redis Error: 
error: Redis Error: 
error: Redis Error: 
error: Redis Error: 
error: Redis Error: 
error: Redis Error: 
error: Redis Error: 
error: Redis Error: 
error: Redis Error: 
error: Redis Error: 
error: Redis Error: 
error: Redis Error: 
error: Redis Error: 
error: Redis Error: 
error: Redis Error: 
error: Redis Error: 
error: Redis Error: 
error: Redis Error: 
error: Redis Error: 
error: Redis Error: 
error: Redis Error: 
error: Redis Error: 
error: Redis Error: 
error: Redis Error: 
error: Redis Error: 
error: Redis Error: 
error: Redis Error: 
error: Redis Error: 
error: Redis Error: 
error: Redis Error: 
error: Redis Error: 
error: Redis Error: 
error: Redis Error: 
error: Redis Error: 
error: Redis Error: 
error: Redis Error: 
error: Redis Error: 
error: Redis Error: 
error: Redis Error: 
error: Redis Error: 
error: Redis Error: 
error: Redis Error: 
error: Redis Error: 
error: Redis Error: 
error: Redis Error: 
error: Redis Error: 
error: Redis Error: 
error: Redis Error: 
error: Redis Error: 
error: Redis Error: 
error: Redis Error: 
error: Redis Error: 
error: Redis Error: 
error: Redis Error: 
error: Redis Error: 
error: Redis Error: 
error: Redis Error: 
error: Redis Error: 
error: Redis Error: 
error: Redis Error: 
error: Redis Error: 
error: Redis Error: 
error: Redis Error: 
error: Redis Error: 
error: Redis Error: 
error: Redis Error: 
error: Redis Error: 
error: Redis Error: 
error: Redis Error: 
error: Redis Error: 
error: Redis Error: 
error: Redis Error: 
error: Redis Error: 
error: Redis Error: 
error: Redis Error: 
error: Redis Error: 
error: Redis Error: 
error: Redis Error: 
error: Redis Error: 
error: Redis Error: 
error: Redis Error: 
error: Redis Error: 
error: Redis Error: 
error: Redis Error: 
error: Redis Error: 
error: Redis Error: 
error: Redis Error: 
error: Redis Error: 
error: Redis Error: 
error: Redis Error: 
error: Redis Error: 
error: Redis Error: 
error: Redis Error: 
error: Redis Error: 
error: Redis Error: 
error: Redis Error: 
error: Redis Error: 
error: Redis Error: 
error: Redis Error: 
error: Redis Error: 
error: Redis Error: 
error: Redis Error: 
error: Redis Error: 
error: Redis Error: 
error: Redis Error: 
error: Redis Error: 
error: Redis Error: 
error: Redis Error: 
error: Redis Error: 
error: Redis Error: 
error: Redis Error: 
error: Redis Error: 
error: Redis Error: 
error: Redis Error: 
error: Redis Error: 
error: Redis Error: 
error: Redis Error: 
error: Redis Error: 
error: Redis Error: 
error: Redis Error: 
error: Redis Error: 
error: Redis Error: 
error: Redis Error: 
error: Redis Error: 
error: Redis Error: 
error: Redis Error: 
error: Redis Error: 
error: Redis Error: 
error: Redis Error: 
error: Redis Error: 
error: Redis Error: 
error: Redis Error: 
error: Redis Error: 
error: Redis Error: 
error: Redis Error: 
error: Redis Error: 
error: Redis Error: 
error: Redis Error: 
error: Redis Error: 
error: Redis Error: 
error: Redis Error: 
error: Redis Error: 
error: Redis Error: 
error: Redis Error: 
error: Redis Error: 
error: Redis Error: 
error: Redis Error: 
error: Redis Error: 
error: Redis Error: 
error: Redis Error: 
error: Redis Error: 
error: Redis Error: 
error: Redis Error: 
error: Redis Error: 
error: Redis Error: 
error: Redis Error: 
error: Redis Error: 
error: Redis Error: 
error: Redis Error: 
error: Redis Error: 
error: Redis Error: 
error: Redis Error: 
error: Redis Error: 
error: Redis Error: 
info: Listening to port 5000
info: Running in EXPERIMENTAL MODE (File DB)
error: ::1 - GET /experiment/vendors 404 - 20.016 ms - message: Not found
error: ::1 - GET /experiment/vendors 404 - 1.621 ms - message: Not found
error: ::1 - GET /experiment/vendors 404 - 0.773 ms - message: Not found
error: ::1 - GET /experiment/vendors 404 - 0.534 ms - message: Not found
error: ::1 - GET /experiment/vendors 404 - 1.071 ms - message: Not found
info: Listening to port 5000
info: Running in EXPERIMENTAL MODE (File DB)
info: ::1 - GET /experiment/vendors 200 - 15.730 ms
info: ::1 - GET /experiment/vendors 200 - 1.337 ms
info: ::1 - GET /experiment/vendors 200 - 2.646 ms
info: ::1 - GET /experiment/vendors 304 - 7.417 ms
info: ::1 - GET /experiment/vendors 304 - 3.209 ms
info: ::1 - GET /experiment/vendors 304 - 0.951 ms
info: ::1 - GET /experiment/vendors 304 - 1.353 ms
info: ::1 - GET /experiment/vendors 304 - 1.019 ms
info: ::1 - GET /experiment/vendors 304 - 2.083 ms
info: ::1 - GET /experiment/vendors 304 - 0.958 ms
info: ::1 - GET /experiment/vendors 304 - 0.761 ms
info: ::1 - GET /experiment/vendors 304 - 7.926 ms
info: ::1 - GET /experiment/vendors 304 - 1.538 ms
info: ::1 - GET /experiment/vendors 304 - 1.268 ms
info: Listening to port 5000
info: Running in EXPERIMENTAL MODE (File DB)
info: ::1 - GET /experiment/bidder-profile/v1 200 - 14.591 ms
info: ::1 - GET /experiment/current-project/v1 200 - 2.570 ms
info: ::1 - GET /experiment/bidders-master 200 - 2.256 ms
info: ::1 - GET /experiment/vendors 304 - 1.557 ms
info: ::1 - GET /experiment/vendors 304 - 0.900 ms
info: ::1 - GET /experiment/bidder-profile/v4 200 - 2.561 ms
info: ::1 - GET /experiment/bidders-master 200 - 2.378 ms
info: ::1 - GET /experiment/vendors 200 - 0.639 ms
info: ::1 - GET /experiment/bidders-master 200 - 1.563 ms
info: ::1 - GET /experiment/bidder-profile/v1 200 - 1.697 ms
info: ::1 - GET /experiment/current-project/v1 200 - 2.012 ms
info: ::1 - GET /experiment/vendors 200 - 0.561 ms
info: ::1 - GET /experiment/bidders-master 200 - 0.865 ms
info: ::1 - GET /experiment/bidder-profile/v1 200 - 0.890 ms
info: ::1 - GET /experiment/current-project/v1 200 - 1.079 ms
info: ::1 - GET /experiment/vendors 304 - 1.102 ms
info: ::1 - GET /experiment/bidder-profile/v3 200 - 2.524 ms
info: ::1 - GET /experiment/vendors 304 - 0.850 ms
info: ::1 - GET /experiment/bidders-master 304 - 1.226 ms
info: ::1 - GET /experiment/bidder-profile/v3 304 - 1.771 ms
info: ::1 - GET /experiment/vendors 304 - 0.890 ms
info: ::1 - GET /experiment/bidders-master 304 - 1.960 ms
info: ::1 - GET /experiment/vendors 304 - 1.246 ms
info: Listening to port 5000
info: Running in EXPERIMENTAL MODE (File DB)
info: ::1 - POST /experiment/ai-chat 200 - 2139.613 ms
info: ::1 - POST /experiment/ai-chat 200 - 2547.987 ms
info: ::1 - POST /experiment/ai-chat 200 - 2228.417 ms
info: ::1 - GET /experiment/vendors 304 - 1.791 ms
info: ::1 - GET /experiment/bidder-profile/v2 200 - 3.151 ms
info: ::1 - GET /experiment/vendors 304 - 0.878 ms
info: ::1 - GET /experiment/bidders-master 304 - 1.319 ms
info: ::1 - GET /experiment/bidder-profile/v2 304 - 1.720 ms
info: ::1 - GET /experiment/vendors 304 - 0.894 ms
info: ::1 - GET /experiment/bidders-master 304 - 1.783 ms
info: ::1 - OPTIONS /experiment/ai-chat 204 - 0.453 ms
info: ::1 - POST /experiment/ai-chat 200 - 3719.707 ms
info: ::1 - OPTIONS /experiment/bidder-profile/v2 204 - 0.159 ms
info: ::1 - PUT /experiment/bidder-profile/v2 200 - 2.737 ms
info: ::1 - OPTIONS /experiment/ai-chat 204 - 0.119 ms
info: ::1 - POST /experiment/ai-chat 200 - 4062.425 ms
info: ::1 - OPTIONS /experiment/bidder-profile/v2 204 - 0.212 ms
info: ::1 - PUT /experiment/bidder-profile/v2 200 - 2.355 ms
info: ::1 - GET /experiment/vendors 304 - 3.970 ms
info: ::1 - GET /experiment/bidder-profile/v2 200 - 1.506 ms
info: ::1 - GET /experiment/vendors 304 - 1.137 ms
info: ::1 - GET /experiment/bidders-master 304 - 1.439 ms
info: ::1 - GET /experiment/bidder-profile/v2 304 - 3.213 ms
info: ::1 - GET /experiment/vendors 304 - 1.017 ms
info: ::1 - GET /experiment/bidders-master 304 - 1.437 ms
info: ::1 - GET /experiment/vendors 304 - 0.843 ms
info: ::1 - GET /experiment/vendors 304 - 1.395 ms
info: ::1 - GET /experiment/bidder-profile/v4 304 - 2.211 ms
info: ::1 - GET /experiment/vendors 304 - 0.978 ms
info: ::1 - GET /experiment/bidders-master 304 - 1.449 ms
info: ::1 - GET /experiment/bidder-profile/v4 304 - 2.183 ms
info: ::1 - GET /experiment/bidders-master 304 - 1.833 ms
info: ::1 - GET /experiment/vendors 304 - 1.219 ms
info: ::1 - GET /experiment/bidder-profile/v4 304 - 1.878 ms
info: ::1 - GET /experiment/bidders-master 304 - 1.585 ms
info: Listening to port 5000
info: Running in EXPERIMENTAL MODE (File DB)
info: ::1 - GET /experiment/vendors 200 - 14.985 ms
info: ::1 - POST /experiment/upload 200 - 27.594 ms
info: ::1 - OPTIONS /experiment/ai-chat 204 - 0.868 ms
info: ::1 - GET /experiment/uploads/unknown_1771316816472-363723.png 200 - 3.523 ms
info: ::1 - POST /experiment/ai-chat 200 - 1899.730 ms
info: ::1 - OPTIONS /experiment/bidder-profile/v4 204 - 0.359 ms
info: ::1 - PUT /experiment/bidder-profile/v4 200 - 5.478 ms
info: Listening to port 5000
info: Running in EXPERIMENTAL MODE (File DB)
info: ::1 - GET /experiment/vendors 200 - 14.499 ms
info: ::1 - POST /experiment/ai-analyze-image 200 - 2039.171 ms
info: ::1 - POST /experiment/ai-analyze-image 200 - 2538.992 ms
error: ::1 - POST /experiment/ai-analyze-image 500 - 1.137 ms - message: request entity too large
info: Listening to port 5000
info: Running in EXPERIMENTAL MODE (File DB)
info: ::1 - POST /experiment/ai-analyze-image 200 - 1468.938 ms
info: ::1 - GET /experiment/bidder-profile/v4 200 - 2.571 ms
info: ::1 - GET /experiment/vendors 304 - 1.576 ms
info: ::1 - GET /experiment/bidders-master 304 - 2.488 ms
info: ::1 - POST /experiment/upload 200 - 33.813 ms
info: ::1 - OPTIONS /experiment/ai-analyze-image 204 - 0.516 ms
info: ::1 - GET /experiment/uploads/unknown_1771318114032-466389.png 200 - 12.506 ms
info: ::1 - POST /experiment/ai-analyze-image 200 - 7701.296 ms
info: ::1 - OPTIONS /experiment/bidder-profile/v4 204 - 0.150 ms
info: ::1 - PUT /experiment/bidder-profile/v4 200 - 2.324 ms
info: ::1 - GET /experiment/bidder-profile/v4 200 - 1.829 ms
info: ::1 - GET /experiment/bidders-master 304 - 2.463 ms
info: ::1 - GET /experiment/vendors 304 - 1.281 ms
info: ::1 - POST /experiment/upload 200 - 15.686 ms
info: ::1 - OPTIONS /experiment/ai-analyze-image 204 - 0.188 ms
info: ::1 - GET /experiment/uploads/unknown_1771319057223-264761.png 200 - 3.958 ms
info: ::1 - POST /experiment/ai-analyze-image 200 - 7562.767 ms
info: ::1 - OPTIONS /experiment/bidder-profile/v4 204 - 0.289 ms
info: ::1 - PUT /experiment/bidder-profile/v4 200 - 2.370 ms
info: Listening to port 5000
info: Running in EXPERIMENTAL MODE (File DB)
info: ::1 - GET /experiment/bidder-profile/v4 200 - 10.936 ms
info: ::1 - GET /experiment/vendors 304 - 1.083 ms
info: ::1 - GET /experiment/bidders-master 304 - 2.555 ms
info: ::1 - GET /experiment/vendors 304 - 1.004 ms
info: ::1 - GET /experiment/vendors 304 - 10.870 ms
info: ::1 - GET /experiment/vendors 304 - 1.305 ms
info: ::1 - GET /experiment/bidder-profile/v4 304 - 1.754 ms
info: ::1 - GET /experiment/bidder-profile/v4 304 - 3.823 ms
info: ::1 - GET /experiment/bidders-master 304 - 1.644 ms
info: ::1 - GET /experiment/bidders-master 304 - 6.017 ms
info: ::1 - POST /experiment/upload 200 - 26.133 ms
info: ::1 - OPTIONS /experiment/ai-analyze-image 204 - 0.309 ms
info: ::1 - GET /experiment/uploads/unknown_1771321267913-993064.png 200 - 9.302 ms
info: ::1 - POST /experiment/ai-analyze-image 200 - 9303.688 ms
info: ::1 - OPTIONS /experiment/bidder-profile/v4 204 - 0.162 ms
info: ::1 - PUT /experiment/bidder-profile/v4 200 - 1.608 ms
info: ::1 - GET /experiment/bidder-profile/v4 200 - 1.282 ms
info: ::1 - GET /experiment/vendors 304 - 1.065 ms
info: ::1 - GET /experiment/bidders-master 304 - 2.651 ms
info: ::1 - POST /experiment/upload 200 - 11.020 ms
info: ::1 - OPTIONS /experiment/ai-analyze-image 204 - 0.218 ms
info: ::1 - GET /experiment/uploads/unknown_1771321675079-624801.png 200 - 1.410 ms
info: ::1 - POST /experiment/ai-analyze-image 200 - 6051.532 ms
info: ::1 - OPTIONS /experiment/bidder-profile/v4 204 - 0.178 ms
info: ::1 - PUT /experiment/bidder-profile/v4 200 - 1.713 ms
info: ::1 - GET /experiment/uploads/unknown_1771321675079-624801.png 200 - 2.425 ms
info: ::1 - OPTIONS /experiment/feedback 204 - 0.233 ms
info: ::1 - POST /experiment/feedback 200 - 25.540 ms
info: ::1 - OPTIONS /experiment/feedback 204 - 0.179 ms
info: ::1 - POST /experiment/feedback 200 - 8.757 ms
info: ::1 - OPTIONS /experiment/feedback 204 - 0.115 ms
info: ::1 - POST /experiment/feedback 200 - 7.961 ms
info: ::1 - OPTIONS /experiment/evidence/save 204 - 0.161 ms
error: ::1 - POST /experiment/evidence/save 404 - 1.470 ms - message: Not found
info: ::1 - OPTIONS /experiment/ai-chat 204 - 0.170 ms
info: ::1 - POST /experiment/ai-chat 200 - 2693.135 ms
info: ::1 - OPTIONS /experiment/bidder-profile/v4 204 - 0.189 ms
info: ::1 - PUT /experiment/bidder-profile/v4 200 - 2.137 ms
info: ::1 - POST /experiment/upload 200 - 14.830 ms
info: ::1 - OPTIONS /experiment/ai-analyze-image 204 - 0.162 ms
info: ::1 - GET /experiment/uploads/unknown_1771322479774-716708.png 200 - 6.675 ms
info: ::1 - POST /experiment/ai-analyze-image 200 - 6272.605 ms
info: ::1 - OPTIONS /experiment/bidder-profile/v4 204 - 0.132 ms
info: ::1 - PUT /experiment/bidder-profile/v4 200 - 4.023 ms
info: ::1 - GET /experiment/uploads/unknown_1771322479774-716708.png 200 - 3.595 ms
info: ::1 - OPTIONS /experiment/feedback 204 - 0.142 ms
info: ::1 - POST /experiment/feedback 200 - 7.472 ms
info: ::1 - OPTIONS /experiment/evidence/save 204 - 0.116 ms
error: ::1 - POST /experiment/evidence/save 404 - 0.702 ms - message: Not found
info: ::1 - GET /experiment/bidder-profile/v4 200 - 1.779 ms
info: ::1 - GET /experiment/vendors 304 - 1.933 ms
info: ::1 - GET /experiment/bidders-master 304 - 2.734 ms
error: ::1 - GET /experiment/evidence/fraud/v4 404 - 0.663 ms - message: Not found
error: ::1 - GET /experiment/evidence/fraud/v4 404 - 0.691 ms - message: Not found
error: ::1 - GET /experiment/evidence/verified/v4 404 - 1.459 ms - message: Not found
error: ::1 - GET /experiment/evidence/fraud/v4 404 - 0.628 ms - message: Not found
error: ::1 - GET /experiment/evidence/verified/v4 404 - 0.621 ms - message: Not found
error: ::1 - GET /experiment/evidence/fraud/v4 404 - 0.588 ms - message: Not found
error: ::1 - GET /experiment/evidence/verified/v4 404 - 0.604 ms - message: Not found
error: ::1 - GET /experiment/evidence/fraud/v4 404 - 1.036 ms - message: Not found
error: ::1 - GET /experiment/evidence/verified/v4 404 - 0.684 ms - message: Not found
info: ::1 - GET /experiment/uploads/unknown_1771321675079-624801.png 200 - 1.595 ms
info: ::1 - GET /experiment/uploads/unknown_1771322479774-716708.png 200 - 1.392 ms
info: ::1 - OPTIONS /experiment/feedback 204 - 0.377 ms
info: ::1 - POST /experiment/feedback 200 - 10.179 ms
info: ::1 - OPTIONS /experiment/evidence/save 204 - 0.073 ms
error: ::1 - POST /experiment/evidence/save 404 - 0.636 ms - message: Not found
error: ::1 - GET /experiment/evidence/fraud/v4 404 - 0.493 ms - message: Not found
error: ::1 - GET /experiment/evidence/fraud/v4 404 - 0.630 ms - message: Not found
error: ::1 - GET /experiment/evidence/verified/v4 404 - 0.688 ms - message: Not found
info: ::1 - GET /experiment/vendors 304 - 0.986 ms
info: ::1 - GET /experiment/bidder-profile/v9 200 - 5.223 ms
info: ::1 - GET /experiment/vendors 304 - 0.844 ms
info: ::1 - GET /experiment/bidders-master 304 - 1.781 ms
info: ::1 - GET /experiment/bidder-profile/v9 304 - 1.643 ms
info: ::1 - GET /experiment/vendors 304 - 0.877 ms
info: ::1 - GET /experiment/bidders-master 304 - 1.094 ms
error: ::1 - GET /experiment/evidence/fraud/v9 404 - 0.435 ms - message: Not found
error: ::1 - GET /experiment/evidence/fraud/v9 404 - 0.429 ms - message: Not found
error: ::1 - GET /experiment/evidence/verified/v9 404 - 0.550 ms - message: Not found
error: ::1 - GET /experiment/evidence/fraud/v9 404 - 0.835 ms - message: Not found
info: ::1 - GET /experiment/vendors 304 - 1.483 ms
info: ::1 - GET /experiment/bidder-profile/v9 304 - 1.461 ms
info: ::1 - GET /experiment/bidders-master 304 - 1.078 ms
error: ::1 - GET /experiment/evidence/fraud/v9 404 - 0.561 ms - message: Not found
error: ::1 - GET /experiment/evidence/fraud/v9 404 - 0.400 ms - message: Not found
error: ::1 - GET /experiment/project-evidence/project_001/v9 404 - 0.626 ms - message: Not found
info: ::1 - POST /experiment/upload 200 - 14.301 ms
info: ::1 - OPTIONS /experiment/ai-analyze-image 204 - 0.237 ms
info: ::1 - GET /experiment/uploads/unknown_1771323137521-812953.png 200 - 7.197 ms
info: ::1 - POST /experiment/ai-analyze-image 200 - 6015.127 ms
info: ::1 - OPTIONS /experiment/bidder-profile/v9 204 - 0.164 ms
info: ::1 - PUT /experiment/bidder-profile/v9 200 - 2.559 ms
info: ::1 - GET /experiment/uploads/unknown_1771323137521-812953.png 200 - 1.443 ms
info: ::1 - OPTIONS /experiment/feedback 204 - 0.092 ms
info: ::1 - POST /experiment/feedback 200 - 6.490 ms
info: ::1 - OPTIONS /experiment/project-evidence/save 204 - 0.113 ms
error: ::1 - POST /experiment/project-evidence/save 404 - 0.857 ms - message: Not found
error: ::1 - GET /experiment/project-evidence/project_001/v9 404 - 0.440 ms - message: Not found
info: ::1 - OPTIONS /experiment/feedback 204 - 0.155 ms
info: ::1 - POST /experiment/feedback 200 - 6.654 ms
info: ::1 - OPTIONS /experiment/project-evidence/save 204 - 0.137 ms
error: ::1 - POST /experiment/project-evidence/save 404 - 0.535 ms - message: Not found
error: ::1 - GET /experiment/project-evidence/project_001/v9 404 - 0.587 ms - message: Not found
info: ::1 - OPTIONS /experiment/ai-chat 204 - 0.118 ms
info: ::1 - POST /experiment/ai-chat 200 - 2874.343 ms
info: ::1 - OPTIONS /experiment/bidder-profile/v9 204 - 0.174 ms
info: ::1 - PUT /experiment/bidder-profile/v9 200 - 1.635 ms
info: ::1 - OPTIONS /experiment/feedback 204 - 0.084 ms
info: ::1 - POST /experiment/feedback 200 - 6.708 ms
info: ::1 - OPTIONS /experiment/project-evidence/save 204 - 0.111 ms
error: ::1 - POST /experiment/project-evidence/save 404 - 0.565 ms - message: Not found
error: ::1 - GET /experiment/project-evidence/project_001/v9 404 - 0.909 ms - message: Not found
info: ::1 - OPTIONS /experiment/feedback 204 - 0.194 ms
info: ::1 - POST /experiment/feedback 200 - 7.884 ms
info: ::1 - OPTIONS /experiment/project-evidence/save 204 - 0.090 ms
error: ::1 - POST /experiment/project-evidence/save 404 - 0.475 ms - message: Not found
error: ::1 - GET /experiment/project-evidence/project_001/v9 404 - 0.583 ms - message: Not found
info: ::1 - POST /experiment/upload 200 - 11.569 ms
info: ::1 - OPTIONS /experiment/ai-analyze-image 204 - 0.095 ms
info: ::1 - GET /experiment/uploads/unknown_1771323616629-728402.png 200 - 7.358 ms
info: ::1 - POST /experiment/ai-analyze-image 200 - 6249.355 ms
info: ::1 - OPTIONS /experiment/bidder-profile/v9 204 - 0.088 ms
info: ::1 - PUT /experiment/bidder-profile/v9 200 - 1.972 ms
info: ::1 - GET /experiment/uploads/unknown_1771323616629-728402.png 200 - 1.362 ms
info: ::1 - OPTIONS /experiment/feedback 204 - 0.126 ms
info: ::1 - POST /experiment/feedback 200 - 6.148 ms
info: ::1 - OPTIONS /experiment/project-evidence/save 204 - 0.125 ms
error: ::1 - POST /experiment/project-evidence/save 404 - 0.883 ms - message: Not found
error: ::1 - GET /experiment/project-evidence/project_001/v9 404 - 0.551 ms - message: Not found
info: ::1 - OPTIONS /experiment/ai-chat 204 - 0.109 ms
info: ::1 - POST /experiment/ai-chat 200 - 2345.814 ms
info: ::1 - OPTIONS /experiment/bidder-profile/v9 204 - 0.101 ms
info: ::1 - PUT /experiment/bidder-profile/v9 200 - 2.074 ms
info: ::1 - OPTIONS /experiment/feedback 204 - 0.089 ms
info: ::1 - POST /experiment/feedback 200 - 8.338 ms
info: ::1 - OPTIONS /experiment/project-evidence/save 204 - 0.112 ms
error: ::1 - POST /experiment/project-evidence/save 404 - 0.510 ms - message: Not found
error: ::1 - GET /experiment/project-evidence/project_001/v9 404 - 0.604 ms - message: Not found
info: ::1 - POST /experiment/feedback 200 - 6.959 ms
error: ::1 - POST /experiment/project-evidence/save 404 - 0.760 ms - message: Not found
error: ::1 - GET /experiment/project-evidence/project_001/v9 404 - 0.988 ms - message: Not found
info: ::1 - OPTIONS /experiment/ai-chat 204 - 0.089 ms
info: ::1 - POST /experiment/ai-chat 200 - 2476.124 ms
info: ::1 - OPTIONS /experiment/bidder-profile/v9 204 - 0.227 ms
info: ::1 - PUT /experiment/bidder-profile/v9 200 - 2.102 ms
info: ::1 - OPTIONS /experiment/feedback 204 - 0.218 ms
info: ::1 - POST /experiment/feedback 200 - 7.324 ms
info: ::1 - OPTIONS /experiment/project-evidence/save 204 - 0.084 ms
error: ::1 - POST /experiment/project-evidence/save 404 - 0.527 ms - message: Not found
info: Listening to port 5000
info: Running in EXPERIMENTAL MODE (File DB)
info: Listening to port 5000
info: Running in EXPERIMENTAL MODE (File DB)
info: Listening to port 5000
info: Running in EXPERIMENTAL MODE (File DB)
error: ::1 - POST /experiment/project-evidence/save 500 - 18.915 ms - message: Expected property name or '}' in JSON at position 1 (line 1 column 2)
error: ::1 - POST /experiment/project-evidence/save 500 - 0.820 ms - message: Expected property name or '}' in JSON at position 1 (line 1 column 2)
info: ::1 - POST /experiment/ai-chat 200 - 2331.926 ms
info: ::1 - GET /experiment/project-evidence/project_001/v9 200 - 2.456 ms
info: ::1 - POST /experiment/upload 200 - 20.596 ms
info: ::1 - OPTIONS /experiment/ai-analyze-image 204 - 0.402 ms
info: ::1 - GET /experiment/uploads/unknown_1771324298955-801849.png 200 - 8.936 ms
info: ::1 - POST /experiment/ai-analyze-image 200 - 6001.330 ms
info: ::1 - OPTIONS /experiment/bidder-profile/v9 204 - 0.207 ms
info: ::1 - PUT /experiment/bidder-profile/v9 200 - 1.406 ms
info: ::1 - GET /experiment/uploads/unknown_1771324298955-801849.png 200 - 1.253 ms
info: ::1 - OPTIONS /experiment/feedback 204 - 0.177 ms
info: ::1 - POST /experiment/feedback 200 - 7.762 ms
info: ::1 - OPTIONS /experiment/project-evidence/save 204 - 0.199 ms
info: ::1 - POST /experiment/project-evidence/save 200 - 3.021 ms
info: ::1 - GET /experiment/project-evidence/project_001/v9 200 - 1.319 ms
info: Listening to port 5000
info: Running in EXPERIMENTAL MODE (File DB)
info: ::ffff:127.0.0.1 - HEAD / 200 - 11.147 ms
info: ::ffff:127.0.0.1 - GET / 200 - 0.715 ms
info: ::ffff:127.0.0.1 - GET / 200 - 0.898 ms
error: ::ffff:127.0.0.1 - GET /favicon.ico 404 - 2.466 ms - message: Not found
info: ::ffff:127.0.0.1 - GET / 304 - 0.831 ms
error: ::ffff:127.0.0.1 - GET /favicon.ico 404 - 1.011 ms - message: Not found
info: ::1 - GET / 200 - 1.169 ms
error: ::1 - GET /favicon.ico 404 - 1.188 ms - message: Not found
info: ::1 - GET /experiment/vendors 200 - 1.658 ms
info: Redis is DISABLED for experimental mode
info: Listening to port 5000
info: Running in EXPERIMENTAL MODE (File DB)
error: ::ffff:127.0.0.1 - HEAD /v1/projects 401 - 10.361 ms - message: Please authenticate
error: ::ffff:127.0.0.1 - GET /v1/projects 401 - 1.061 ms - message: Please authenticate
info: ::ffff:127.0.0.1 - HEAD /experiment/vendors 200 - 2.154 ms
info: ::ffff:127.0.0.1 - GET /experiment/vendors 200 - 0.957 ms
info: Redis is DISABLED for experimental mode
info: Listening to port 5000
info: Running in EXPERIMENTAL MODE (File DB)
info: ::ffff:127.0.0.1 - HEAD /experiment/vendors 200 - 12.575 ms
info: ::1 - GET / 304 - 1.375 ms
info: ::1 - GET / 304 - 0.706 ms
info: ::1 - GET / 304 - 0.696 ms
info: ::1 - GET / 304 - 0.779 ms
info: ::ffff:127.0.0.1 - GET /experiment/vendors 200 - 1.872 ms
error: ::ffff:127.0.0.1 - GET /favicon.ico 404 - 1.225 ms - message: Not found
info: Redis is DISABLED for experimental mode
info: Listening to port 5000
info: Running in EXPERIMENTAL MODE (File DB)
info: ::ffff:127.0.0.1 - GET /experiment/vendors 200 - 0.872 ms
info: Redis is DISABLED for experimental mode
info: Listening to port 5000
info: Running in EXPERIMENTAL MODE (File DB)
info: Redis is DISABLED for experimental mode
info: Listening to port 5000
info: Running in EXPERIMENTAL MODE (File DB)
info: Redis is DISABLED for experimental mode
info: Listening to port 5000
info: Running in EXPERIMENTAL MODE (File DB)
info: Redis is DISABLED for experimental mode
info: Listening to port 5000
info: Running in EXPERIMENTAL MODE (File DB)
info: Redis is DISABLED for experimental mode
info: Listening to port 5000
info: Running in EXPERIMENTAL MODE (File DB)
info: ::ffff:127.0.0.1 - GET /experiment/vendors 200 - 1.431 ms
info: Redis is DISABLED for experimental mode
info: Listening to port 5000
info: Running in EXPERIMENTAL MODE (File DB)
info: ::ffff:127.0.0.1 - GET /experiment/vendors 304 - 18.102 ms
info: ::ffff:127.0.0.1 - GET /experiment/vendors 304 - 1.521 ms
info: ::ffff:127.0.0.1 - GET /experiment/vendors 304 - 3.811 ms
info: ::ffff:127.0.0.1 - GET /experiment/bidder-profile/v4 304 - 3.785 ms
info: ::ffff:127.0.0.1 - GET /experiment/bidder-profile/v4 304 - 2.422 ms
info: ::ffff:127.0.0.1 - GET /experiment/bidders-master 304 - 2.368 ms
info: ::ffff:127.0.0.1 - GET /experiment/vendors 304 - 1.241 ms
info: ::ffff:127.0.0.1 - GET /experiment/bidders-master 304 - 1.897 ms
info: ::ffff:127.0.0.1 - GET /experiment/vendor-memory/project_001/v4 304 - 4.756 ms
info: ::ffff:127.0.0.1 - GET /experiment/vendor-memory/project_001/v4 304 - 3.277 ms
info: ::ffff:127.0.0.1 - GET /experiment/evidence/fraud/v4 304 - 1.523 ms
info: ::ffff:127.0.0.1 - GET /experiment/evidence/fraud/v4 304 - 1.799 ms
info: ::ffff:127.0.0.1 - GET /experiment/project-evidence/project_001/v4 304 - 3.592 ms
