error: Redis Error: 
error: Redis Error: 
error: Redis Error: 
error: Redis Error: 
error: Redis Error: 
error: Redis Error: 
error: Redis Error: 
error: Redis Error: 
error: Redis Error: 
error: Redis Error: 
error: Redis Error: 
error: Redis Error: 
error: Redis Error: 
error: Redis Error: 
error: Redis Error: 
error: Redis Error: 
error: Redis Error: 
error: Redis Error: 
error: Redis Error: 
error: Redis Error: 
error: Redis Error: 
error: Redis Error: 
error: Redis Error: 
error: Redis Error: 
error: Redis Error: 
error: Redis Error: 
error: Redis Error: 
error: Redis Error: 
error: Redis Error: 
error: Redis Error: 
error: Redis Error: 
error: Redis Error: 
error: Redis Error: 
error: Redis Error: 
error: Redis Error: 
error: Redis Error: 
error: Redis Error: 
error: Redis Error: 
error: Redis Error: 
error: Redis Error: 
error: Redis Error: 
error: Redis Error: 
error: Redis Error: 
error: Redis Error: 
error: Redis Error: 
error: Redis Error: 
error: Redis Error: 
error: Redis Error: 
error: Redis Error: 
error: Redis Error: 
error: Redis Error: 
error: Redis Error: 
error: Redis Error: 
error: Redis Error: 
error: Redis Error: 
error: Redis Error: 
error: Redis Error: 
error: Redis Error: 
error: Redis Error: 
error: Redis Error: 
error: Redis Error: 
error: Redis Error: 
error: Redis Error: 
error: Redis Error: 
error: Redis Error: 
error: Redis Error: 
error: Redis Error: 
error: Redis Error: 
error: Redis Error: 
error: Redis Error: 
error: Redis Error: 
error: Redis Error: 
error: Redis Error: 
error: Redis Error: 
error: Redis Error: 
error: Redis Error: 
error: Redis Error: 
error: Redis Error: 
error: Redis Error: 
error: Redis Error: 
error: Redis Error: 
error: Redis Error: 
error: Redis Error: 
error: Redis Error: 
error: Redis Error: 
error: Redis Error: 
error: Redis Error: 
error: Redis Error: 
error: Redis Error: 
error: Redis Error: 
error: Redis Error: 
error: Redis Error: 
error: Redis Error: 
error: Redis Error: 
error: Redis Error: 
error: Redis Error: 
error: Redis Error: 
error: Redis Error: 
error: Redis Error: 
error: Redis Error: 
error: Redis Error: 
error: Redis Error: 
error: Redis Error: 
error: Redis Error: 
error: Redis Error: 
error: Redis Error: 
error: Redis Error: 
error: Redis Error: 
error: Redis Error: 
error: Redis Error: 
error: Redis Error: 
error: Redis Error: 
error: Redis Error: 
error: Redis Error: 
error: Redis Error: 
error: Redis Error: 
error: Redis Error: 
error: Redis Error: 
error: Redis Error: 
error: Redis Error: 
error: Redis Error: 
error: Redis Error: 
error: Redis Error: 
error: Redis Error: 
error: Redis Error: 
error: Redis Error: 
error: Redis Error: 
error: Redis Error: 
error: Redis Error: 
error: Redis Error: 
error: Redis Error: 
error: Redis Error: 
error: Redis Error: 
error: Redis Error: 
error: Redis Error: 
error: Redis Error: 
error: Redis Error: 
error: Redis Error: 
error: Redis Error: 
error: Redis Error: 
error: Redis Error: 
error: Redis Error: 
error: Redis Error: 
error: Redis Error: 
error: Redis Error: 
error: Redis Error: 
error: Redis Error: 
error: Redis Error: 
error: Redis Error: 
error: Redis Error: 
error: Redis Error: 
error: Redis Error: 
error: Redis Error: 
error: Redis Error: 
error: Redis Error: 
error: Redis Error: 
error: Redis Error: 
error: Redis Error: 
error: Redis Error: 
error: Redis Error: 
error: Redis Error: 
error: Redis Error: 
error: Redis Error: 
error: Redis Error: 
error: Redis Error: 
error: Redis Error: 
error: Redis Error: 
error: Redis Error: 
error: Redis Error: 
error: Redis Error: 
error: Redis Error: 
error: Redis Error: 
error: Redis Error: 
error: Redis Error: 
error: Redis Error: 
error: Redis Error: 
error: Redis Error: 
error: Redis Error: 
error: Redis Error: 
error: Redis Error: 
error: Redis Error: 
error: Redis Error: 
error: Redis Error: 
error: Redis Error: 
error: Redis Error: 
error: Redis Error: 
error: Redis Error: 
error: Redis Error: 
error: Redis Error: 
error: Redis Error: 
error: Redis Error: 
error: Redis Error: 
error: Redis Error: 
error: Redis Error: 
error: Redis Error: 
error: Redis Error: 
error: Redis Error: 
error: Redis Error: 
error: Redis Error: 
error: Redis Error: 
error: Redis Error: 
error: Redis Error: 
error: Redis Error: 
error: Redis Error: 
error: Redis Error: 
error: Redis Error: 
error: Redis Error: 
error: Redis Error: 
error: Redis Error: 
error: Redis Error: 
error: Redis Error: 
error: Redis Error: 
error: Redis Error: 
error: Redis Error: 
error: Redis Error: 
error: Redis Error: 
error: Redis Error: 
error: Redis Error: 
error: Redis Error: 
error: Redis Error: 
error: Redis Error: 
error: Redis Error: 
error: Redis Error: 
error: Redis Error: 
error: Redis Error: 
error: Redis Error: 
error: Redis Error: 
error: Redis Error: 
error: Redis Error: 
error: Redis Error: 
error: Redis Error: 
error: Redis Error: 
error: Redis Error: 
error: Redis Error: 
error: Redis Error: 
error: Redis Error: 
error: Redis Error: 
error: Redis Error: 
error: Redis Error: 
error: Redis Error: 
error: Redis Error: 
error: Redis Error: 
error: Redis Error: 
error: Redis Error: 
error: Redis Error: 
error: Redis Error: 
error: Redis Error: 
error: Redis Error: 
error: Redis Error: 
error: Redis Error: 
error: Redis Error: 
error: Redis Error: 
error: Redis Error: 
error: Redis Error: 
error: Redis Error: 
error: Redis Error: 
error: Redis Error: 
error: Redis Error: 
error: Redis Error: 
error: Redis Error: 
error: Redis Error: 
error: Redis Error: 
error: Redis Error: 
error: Redis Error: 
error: Redis Error: 
error: Redis Error: 
error: Redis Error: 
error: Redis Error: 
error: Redis Error: 
error: Redis Error: 
error: Redis Error: 
error: Redis Error: 
error: Redis Error: 
error: Redis Error: 
error: Redis Error: 
error: Redis Error: 
error: Redis Error: 
error: Redis Error: 
error: Redis Error: 
error: Redis Error: 
error: Redis Error: 
error: Redis Error: 
error: Redis Error: 
error: Redis Error: 
error: Redis Error: 
error: Redis Error: 
error: Redis Error: 
error: Redis Error: 
error: Redis Error: 
error: Redis Error: 
error: Redis Error: 
error: Redis Error: 
error: Redis Error: 
error: Redis Error: 
error: Redis Error: 
error: Redis Error: 
error: Redis Error: 
error: Redis Error: 
error: Redis Error: 
error: Redis Error: 
error: Redis Error: 
error: Redis Error: 
error: Redis Error: 
error: Redis Error: 
error: Redis Error: 
error: Redis Error: 
error: Redis Error: 
error: Redis Error: 
error: Redis Error: 
error: Redis Error: 
error: Redis Error: 
error: Redis Error: 
error: Redis Error: 
error: Redis Error: 
error: Redis Error: 
error: Redis Error: 
error: Redis Error: 
error: Redis Error: 
error: Redis Error: 
error: Redis Error: 
error: Redis Error: 
error: Redis Error: 
error: Redis Error: 
error: Redis Error: 
error: Redis Error: 
error: Redis Error: 
error: Redis Error: 
error: Redis Error: 
error: Redis Error: 
error: Redis Error: 
error: Redis Error: 
error: AI Service Error (analyze): data should be a string, Buffer or Uint8Array
error: AI Service Error (analyze): data should be a string, Buffer or Uint8Array
error: Redis Error: 
error: Redis Error: 
error: Redis Error: 
error: Redis Error: 
error: Redis Error: 
error: Redis Error: 
error: Redis Error: 
error: Redis Error: 
error: Redis Error: 
error: Redis Error: 
error: Redis Error: 
error: Redis Error: 
error: Redis Error: 
error: Redis Error: 
error: Redis Error: 
error: Redis Error: 
error: Redis Error: 
error: Redis Error: 
error: Redis Error: 
error: Redis Error: 
error: Redis Error: 
error: Redis Error: 
error: Redis Error: 
error: Redis Error: 
error: Redis Error: 
error: Redis Error: 
error: Redis Error: 
error: Redis Error: 
error: Redis Error: 
error: Redis Error: 
error: Redis Error: 
error: Redis Error: 
error: Redis Error: 
error: Redis Error: 
error: Redis Error: 
error: Redis Error: 
error: Redis Error: 
error: Redis Error: 
error: Redis Error: 
error: Redis Error: 
error: Redis Error: 
error: Redis Error: 
error: Redis Error: 
error: Redis Error: 
error: Redis Error: 
error: Redis Error: 
error: Redis Error: 
error: Redis Error: 
error: Redis Error: 
error: Redis Error: 
error: Redis Error: 
error: Redis Error: 
error: Redis Error: 
error: Redis Error: 
error: Redis Error: 
error: Redis Error: 
error: Redis Error: 
error: Redis Error: 
error: Redis Error: 
error: Redis Error: 
error: Redis Error: 
error: Redis Error: 
error: Redis Error: 
error: Redis Error: 
error: Redis Error: 
error: Redis Error: 
error: Redis Error: 
error: Redis Error: 
error: Redis Error: 
error: Redis Error: 
error: Redis Error: 
error: Redis Error: 
error: Redis Error: 
error: Redis Error: 
error: Redis Error: 
error: Redis Error: 
error: Redis Error: 
error: Redis Error: 
error: Redis Error: 
error: Redis Error: 
error: Redis Error: 
error: Redis Error: 
error: Redis Error: 
error: Redis Error: 
error: Redis Error: 
error: Redis Error: 
error: Redis Error: 
error: Redis Error: 
error: Redis Error: 
error: Redis Error: 
error: Redis Error: 
error: Redis Error: 
error: Redis Error: 
error: Redis Error: 
error: Redis Error: 
error: Redis Error: 
error: Redis Error: 
error: Redis Error: 
error: Redis Error: 
error: Redis Error: 
error: Redis Error: 
error: Redis Error: 
error: Redis Error: 
error: Redis Error: 
error: Redis Error: 
error: Redis Error: 
error: Redis Error: 
error: Redis Error: 
error: Redis Error: 
error: Redis Error: 
error: Redis Error: 
error: Redis Error: 
error: Redis Error: 
error: Redis Error: 
error: Redis Error: 
error: Redis Error: 
error: Redis Error: 
error: Redis Error: 
error: Redis Error: 
error: Redis Error: 
error: Redis Error: 
error: Redis Error: 
error: Redis Error: 
error: Redis Error: 
error: Redis Error: 
error: Redis Error: 
error: Redis Error: 
error: Redis Error: 
error: Redis Error: 
error: Redis Error: 
error: Redis Error: 
error: Redis Error: 
error: Redis Error: 
error: Redis Error: 
error: Redis Error: 
error: Redis Error: 
error: Redis Error: 
error: Redis Error: 
error: Redis Error: 
error: Redis Error: 
error: Redis Error: 
error: Redis Error: 
error: Redis Error: 
error: Redis Error: 
error: Redis Error: 
error: Redis Error: 
error: Redis Error: 
error: Redis Error: 
error: Redis Error: 
error: Redis Error: 
error: Redis Error: 
error: Redis Error: 
error: Redis Error: 
error: Redis Error: 
error: Redis Error: 
error: Redis Error: 
error: Redis Error: 
error: Redis Error: 
error: Redis Error: 
error: Redis Error: 
error: Redis Error: 
error: Redis Error: 
error: Redis Error: 
error: Redis Error: 
error: Redis Error: 
error: Redis Error: 
error: Redis Error: 
error: Redis Error: 
error: Redis Error: 
error: Redis Error: 
error: Redis Error: 
error: Redis Error: 
error: Redis Error: 
error: Redis Error: 
error: Redis Error: 
error: Redis Error: 
error: Redis Error: 
error: Redis Error: 
error: Redis Error: 
error: Redis Error: 
error: Redis Error: 
error: Redis Error: 
error: Redis Error: 
error: Redis Error: 
error: Redis Error: 
error: Redis Error: 
error: Redis Error: 
error: Redis Error: 
error: Redis Error: 
error: Redis Error: 
error: Redis Error: 
error: Redis Error: 
error: Redis Error: 
error: Redis Error: 
error: Redis Error: 
error: Redis Error: 
error: Redis Error: 
error: Redis Error: 
error: Redis Error: 
error: Redis Error: 
error: Redis Error: 
error: Redis Error: 
error: Redis Error: 
error: Redis Error: 
error: Redis Error: 
error: Redis Error: 
error: Redis Error: 
error: Redis Error: 
error: Redis Error: 
error: Redis Error: 
error: Redis Error: 
error: Redis Error: 
error: Redis Error: 
error: Redis Error: 
error: Redis Error: 
error: Redis Error: 
error: Redis Error: 
error: Redis Error: 
error: Redis Error: 
error: Redis Error: 
error: Redis Error: 
error: Redis Error: 
error: Redis Error: 
error: Redis Error: 
error: Redis Error: 
error: Redis Error: 
error: Redis Error: 
error: Redis Error: 
error: Redis Error: 
error: Redis Error: 
error: Redis Error: 
error: Redis Error: 
error: Redis Error: 
error: Redis Error: 
error: Redis Error: 
error: Redis Error: 
error: Redis Error: 
error: Redis Error: 
error: Redis Error: 
error: Redis Error: 
error: Redis Error: 
error: Redis Error: 
error: Redis Error: 
error: Redis Error: 
error: Redis Error: 
error: Redis Error: 
error: Redis Error: 
error: Redis Error: 
error: Redis Error: 
error: Redis Error: 
error: Redis Error: 
error: Redis Error: 
error: Redis Error: 
error: Redis Error: 
error: Redis Error: 
error: Redis Error: 
error: Redis Error: 
error: Redis Error: 
error: Redis Error: 
error: Redis Error: 
error: Redis Error: 
error: Redis Error: 
error: Redis Error: 
error: Redis Error: 
error: Redis Error: 
error: Redis Error: 
error: Redis Error: 
error: Redis Error: 
error: Redis Error: 
error: Redis Error: 
error: Redis Error: 
error: Redis Error: 
error: Redis Error: 
error: Redis Error: 
error: Redis Error: 
error: Redis Error: 
error: Redis Error: 
error: Redis Error: 
error: Redis Error: 
error: Redis Error: 
error: Redis Error: 
error: Redis Error: 
error: Redis Error: 
error: Redis Error: 
error: Redis Error: 
error: Redis Error: 
error: Redis Error: 
error: Redis Error: 
error: Redis Error: 
error: Redis Error: 
error: Redis Error: 
error: Redis Error: 
error: Redis Error: 
error: Redis Error: 
error: Redis Error: 
error: Redis Error: 
error: Redis Error: 
error: Redis Error: 
error: Redis Error: 
error: Redis Error: 
error: Redis Error: 
error: Redis Error: 
error: Redis Error: 
error: Redis Error: 
error: Redis Error: 
error: Redis Error: 
error: Redis Error: 
error: Redis Error: 
error: Redis Error: 
error: Redis Error: 
error: Redis Error: 
error: Redis Error: 
error: Redis Error: 
error: Redis Error: 
error: Redis Error: 
error: Redis Error: 
error: Redis Error: 
error: Redis Error: 
error: Redis Error: 
error: Redis Error: 
error: Redis Error: 
error: Redis Error: 
error: Redis Error: 
error: Redis Error: 
error: Redis Error: 
error: Redis Error: 
error: Redis Error: 
error: Redis Error: 
error: Redis Error: 
error: Redis Error: 
error: Redis Error: 
error: Redis Error: 
error: Redis Error: 
error: Redis Error: 
error: Redis Error: 
error: Redis Error: 
error: Redis Error: 
error: Redis Error: 
error: Redis Error: 
error: Redis Error: 
error: Redis Error: 
error: Redis Error: 
error: Redis Error: 
error: Redis Error: 
error: Redis Error: 
error: Redis Error: 
error: Redis Error: 
error: Redis Error: 
error: Redis Error: 
error: Redis Error: 
error: Redis Error: 
error: Redis Error: 
error: Redis Error: 
error: Redis Error: 
error: Redis Error: 
error: Redis Error: 
error: Redis Error: 
error: Redis Error: 
error: Redis Error: 
error: Redis Error: 
error: Redis Error: 
error: Redis Error: 
error: Redis Error: 
error: Redis Error: 
error: Redis Error: 
error: Redis Error: 
error: Redis Error: 
error: Redis Error: 
error: Redis Error: 
error: Redis Error: 
error: Redis Error: 
error: Redis Error: 
error: Redis Error: 
error: Redis Error: 
error: Redis Error: 
error: Redis Error: 
error: Redis Error: 
error: Redis Error: 
error: Redis Error: 
error: Redis Error: 
error: Redis Error: 
error: Redis Error: 
error: Redis Error: 
error: Redis Error: 
error: Redis Error: 
error: Redis Error: 
error: Redis Error: 
error: Redis Error: 
error: Redis Error: 
error: Redis Error: 
error: Redis Error: 
error: Redis Error: 
error: Redis Error: 
error: Redis Error: 
error: Redis Error: 
error: Redis Error: 
error: Redis Error: 
error: Redis Error: 
error: Redis Error: 
error: Redis Error: 
error: Redis Error: 
error: Redis Error: 
error: Redis Error: 
error: Redis Error: 
error: Redis Error: 
error: Redis Error: 
error: Redis Error: 
error: Redis Error: 
error: Redis Error: 
error: Redis Error: 
error: Redis Error: 
error: Redis Error: 
error: Redis Error: 
error: Redis Error: 
error: Redis Error: 
error: Redis Error: 
error: Redis Error: 
error: Redis Error: 
error: Redis Error: 
error: Redis Error: 
error: Redis Error: 
error: Redis Error: 
error: Redis Error: 
error: Redis Error: 
error: Redis Error: 
error: Redis Error: 
error: Redis Error: 
error: Redis Error: 
error: Redis Error: 
error: Redis Error: 
error: Redis Error: 
error: Redis Error: 
error: Redis Error: 
error: Redis Error: 
error: Redis Error: 
error: Redis Error: 
error: Redis Error: 
error: Redis Error: 
error: Redis Error: 
error: Redis Error: 
error: Redis Error: 
error: Redis Error: 
error: Redis Error: 
error: Redis Error: 
error: Redis Error: 
error: Redis Error: 
error: Redis Error: 
error: Redis Error: 
error: Redis Error: 
error: Redis Error: 
error: Redis Error: 
error: Redis Error: 
error: Redis Error: 
error: Redis Error: 
error: Redis Error: 
error: Redis Error: 
error: Redis Error: 
error: Redis Error: 
error: Redis Error: 
error: Redis Error: 
error: Redis Error: 
error: Redis Error: 
error: Redis Error: 
error: Redis Error: 
error: Redis Error: 
error: Redis Error: 
error: Redis Error: 
error: Redis Error: 
error: Redis Error: 
error: Redis Error: 
error: Redis Error: 
error: Redis Error: 
error: Redis Error: 
error: Redis Error: 
error: Redis Error: 
error: Redis Error: 
error: Redis Error: 
error: Redis Error: 
error: Redis Error: 
error: Redis Error: 
error: Redis Error: 
error: Redis Error: 
error: Redis Error: 
error: Redis Error: 
error: Redis Error: 
error: Redis Error: 
error: Redis Error: 
error: Redis Error: 
error: Redis Error: 
error: Redis Error: 
error: Redis Error: 
error: Redis Error: 
error: Redis Error: 
error: Redis Error: 
error: Redis Error: 
error: Redis Error: 
error: Redis Error: 
error: Redis Error: 
error: Redis Error: 
error: Redis Error: 
error: Redis Error: 
error: Redis Error: 
error: Redis Error: 
error: Redis Error: 
error: Redis Error: 
error: Redis Error: 
error: Redis Error: 
error: Redis Error: 
error: Redis Error: 
error: Redis Error: 
error: Redis Error: 
error: Redis Error: 
error: Redis Error: 
error: Redis Error: 
error: Redis Error: 
error: Redis Error: 
error: Redis Error: 
error: Redis Error: 
error: Redis Error: 
error: Redis Error: 
error: Redis Error: 
error: Redis Error: 
error: Redis Error: 
error: Redis Error: 
error: Redis Error: 
error: Redis Error: 
error: Redis Error: 
error: Redis Error: 
error: Redis Error: 
error: Redis Error: 
error: Redis Error: 
error: Redis Error: 
error: Redis Error: 
error: Redis Error: 
error: Redis Error: 
error: Redis Error: 
error: Redis Error: 
error: Redis Error: 
error: Redis Error: 
error: Redis Error: 
error: Redis Error: 
error: Redis Error: 
error: Redis Error: 
error: Redis Error: 
error: Redis Error: 
error: Redis Error: 
error: Redis Error: 
error: Redis Error: 
error: Redis Error: 
error: Redis Error: 
error: Redis Error: 
error: Redis Error: 
error: Redis Error: 
error: Redis Error: 
error: Redis Error: 
error: Redis Error: 
error: Redis Error: 
error: Redis Error: 
error: Redis Error: 
error: Redis Error: 
error: Redis Error: 
error: Redis Error: 
error: Redis Error: 
error: Redis Error: 
error: Redis Error: 
error: Redis Error: 
error: Redis Error: 
error: Redis Error: 
error: Redis Error: 
error: Redis Error: 
error: Redis Error: 
error: Redis Error: 
error: Redis Error: 
error: Redis Error: 
error: Redis Error: 
error: Redis Error: 
error: Redis Error: 
error: Redis Error: 
error: Redis Error: 
error: Redis Error: 
error: Redis Error: 
error: Redis Error: 
error: Redis Error: 
error: Redis Error: 
error: Redis Error: 
error: Redis Error: 
error: Redis Error: 
error: Redis Error: 
error: Redis Error: 
error: Redis Error: 
error: Redis Error: 
error: Redis Error: 
error: Redis Error: 
error: Redis Error: 
error: Redis Error: 
error: Redis Error: 
error: Redis Error: 
error: Redis Error: 
error: Redis Error: 
error: Redis Error: 
error: Redis Error: 
error: Redis Error: 
error: Redis Error: 
error: Redis Error: 
error: Redis Error: 
error: Redis Error: 
error: Redis Error: 
error: Redis Error: 
error: Redis Error: 
error: Redis Error: 
error: Redis Error: 
error: Redis Error: 
error: Redis Error: 
error: Redis Error: 
error: Redis Error: 
error: Redis Error: 
error: Redis Error: 
error: Redis Error: 
error: Redis Error: 
error: Redis Error: 
error: Redis Error: 
error: Redis Error: 
error: Redis Error: 
error: Redis Error: 
error: Redis Error: 
error: Redis Error: 
error: Redis Error: 
error: Redis Error: 
error: Redis Error: 
error: Redis Error: 
error: Redis Error: 
error: Redis Error: 
error: Redis Error: 
error: Redis Error: 
error: Redis Error: 
error: Redis Error: 
error: Redis Error: 
error: Redis Error: 
error: Redis Error: 
error: Redis Error: 
error: Redis Error: 
error: Redis Error: 
error: Redis Error: 
error: Redis Error: 
error: Redis Error: 
error: Redis Error: 
error: Redis Error: 
error: Redis Error: 
error: Redis Error: 
error: Redis Error: 
error: Redis Error: 
error: Redis Error: 
error: Redis Error: 
error: Redis Error: 
error: Redis Error: 
error: Redis Error: 
error: Redis Error: 
error: Redis Error: 
error: Redis Error: 
error: Redis Error: 
error: Redis Error: 
error: Redis Error: 
error: Redis Error: 
error: Redis Error: 
error: Redis Error: 
error: Redis Error: 
error: Redis Error: 
error: Redis Error: 
error: Redis Error: 
error: Redis Error: 
error: Redis Error: 
error: Redis Error: 
error: Redis Error: 
error: Redis Error: 
error: Redis Error: 
error: Redis Error: 
error: Redis Error: 
error: Redis Error: 
error: Redis Error: 
error: Redis Error: 
error: Redis Error: 
error: Redis Error: 
error: Redis Error: 
error: Redis Error: 
error: Redis Error: 
error: Redis Error: 
error: Redis Error: 
error: Redis Error: 
error: Redis Error: 
error: Redis Error: 
error: Redis Error: 
error: Redis Error: 
error: Redis Error: 
error: Redis Error: 
error: Redis Error: 
error: Redis Error: 
error: Redis Error: 
error: Redis Error: 
error: Redis Error: 
error: Redis Error: 
error: Redis Error: 
error: Redis Error: 
error: Redis Error: 
error: Redis Error: 
error: Redis Error: 
error: Redis Error: 
error: Redis Error: 
error: Redis Error: 
error: Redis Error: 
error: Redis Error: 
error: Redis Error: 
error: Redis Error: 
error: Redis Error: 
error: Redis Error: 
error: Redis Error: 
error: Redis Error: 
error: Redis Error: 
error: Redis Error: 
error: Redis Error: 
error: Redis Error: 
error: Redis Error: 
error: Redis Error: 
error: Redis Error: 
error: Redis Error: 
error: Redis Error: 
error: Redis Error: 
error: Redis Error: 
error: Redis Error: 
error: Redis Error: 
error: Redis Error: 
error: Redis Error: 
error: Redis Error: 
error: Redis Error: 
error: Redis Error: 
error: Redis Error: 
error: Redis Error: 
error: Redis Error: 
error: Redis Error: 
error: Redis Error: 
error: Redis Error: 
error: Redis Error: 
error: Redis Error: 
error: Redis Error: 
error: Redis Error: 
error: Redis Error: 
error: Redis Error: 
error: Redis Error: 
error: Redis Error: 
error: Redis Error: 
error: Redis Error: 
error: Redis Error: 
error: Redis Error: 
error: Redis Error: 
error: Redis Error: 
error: Redis Error: 
error: Redis Error: 
error: Redis Error: 
error: Redis Error: 
error: Redis Error: 
error: Redis Error: 
error: Redis Error: 
error: Redis Error: 
error: Redis Error: 
error: Redis Error: 
error: Redis Error: 
error: Redis Error: 
error: Redis Error: 
error: Redis Error: 
error: Redis Error: 
error: Redis Error: 
error: Redis Error: 
error: Redis Error: 
error: Redis Error: 
error: Redis Error: 
error: Redis Error: 
error: Redis Error: 
error: Redis Error: 
error: Redis Error: 
error: Redis Error: 
error: Redis Error: 
error: Redis Error: 
error: Redis Error: 
error: Redis Error: 
error: Redis Error: 
error: Redis Error: 
error: Redis Error: 
error: Redis Error: 
error: Redis Error: 
error: Redis Error: 
error: Redis Error: 
error: Redis Error: 
error: Redis Error: 
error: Redis Error: 
error: Redis Error: 
error: Redis Error: 
error: Redis Error: 
error: Redis Error: 
error: Redis Error: 
error: Redis Error: 
error: Redis Error: 
error: Redis Error: 
error: Redis Error: 
error: Redis Error: 
error: Redis Error: 
error: Redis Error: 
error: Redis Error: 
error: Redis Error: 
error: Redis Error: 
error: Redis Error: 
error: Redis Error: 
error: Redis Error: 
error: Redis Error: 
error: Redis Error: 
error: Redis Error: 
error: Redis Error: 
error: Redis Error: 
error: Redis Error: 
error: Redis Error: 
error: Redis Error: 
error: Redis Error: 
error: Redis Error: 
error: Redis Error: 
error: Redis Error: 
error: Redis Error: 
error: Redis Error: 
error: Redis Error: 
error: Redis Error: 
error: Redis Error: 
error: Redis Error: 
error: Redis Error: 
error: Redis Error: 
error: Redis Error: 
error: Redis Error: 
error: Redis Error: 
error: Redis Error: 
error: Redis Error: 
error: Redis Error: 
error: Redis Error: 
error: Redis Error: 
error: Redis Error: 
error: Redis Error: 
error: Redis Error: 
error: Redis Error: 
error: Redis Error: 
error: Redis Error: 
error: Redis Error: 
error: Redis Error: 
error: Redis Error: 
error: Redis Error: 
error: Redis Error: 
error: Redis Error: 
error: Redis Error: 
error: Redis Error: 
error: Redis Error: 
error: Redis Error: 
error: Redis Error: 
error: Redis Error: 
error: Redis Error: 
error: Redis Error: 
error: Redis Error: 
error: Redis Error: 
error: Redis Error: 
error: Redis Error: 
error: Redis Error: 
error: Redis Error: 
error: Redis Error: 
error: Redis Error: 
error: Redis Error: 
error: Redis Error: 
error: Redis Error: 
error: Redis Error: 
error: Redis Error: 
error: Redis Error: 
error: Redis Error: 
error: Redis Error: 
error: Redis Error: 
error: Redis Error: 
error: Redis Error: 
error: Redis Error: 
error: Redis Error: 
error: Redis Error: 
error: Redis Error: 
error: Redis Error: 
error: Redis Error: 
error: Redis Error: 
error: Redis Error: 
error: Redis Error: 
error: Redis Error: 
error: Redis Error: 
error: Redis Error: 
error: Redis Error: 
error: Redis Error: 
error: Redis Error: 
error: Redis Error: 
error: Redis Error: 
error: Redis Error: 
error: Redis Error: 
error: Redis Error: 
error: Redis Error: 
error: Redis Error: 
error: Redis Error: 
error: Redis Error: 
error: Redis Error: 
error: Redis Error: 
error: Redis Error: 
error: Redis Error: 
error: Redis Error: 
error: Redis Error: 
error: Redis Error: 
error: Redis Error: 
error: Redis Error: 
error: Redis Error: 
error: Redis Error: 
error: Redis Error: 
error: Redis Error: 
error: Redis Error: 
error: Redis Error: 
error: Redis Error: 
error: Redis Error: 
error: Redis Error: 
error: Redis Error: 
error: Redis Error: 
error: Redis Error: 
error: Redis Error: 
error: Redis Error: 
error: Redis Error: 
error: Redis Error: 
error: Redis Error: 
error: Redis Error: 
error: Redis Error: 
error: Redis Error: 
error: Redis Error: 
error: Redis Error: 
error: Redis Error: 
error: Redis Error: 
error: Redis Error: 
error: Redis Error: 
error: Redis Error: 
error: Redis Error: 
error: Redis Error: 
error: Redis Error: 
error: Redis Error: 
error: Redis Error: 
error: Redis Error: 
error: Redis Error: 
error: Redis Error: 
error: Redis Error: 
error: Redis Error: 
error: Redis Error: 
error: Redis Error: 
error: Redis Error: 
error: Redis Error: 
error: Redis Error: 
error: Redis Error: 
error: Redis Error: 
error: Redis Error: 
error: Redis Error: 
error: Redis Error: 
error: Redis Error: 
error: Redis Error: 
error: Redis Error: 
error: Redis Error: 
error: Redis Error: 
error: Redis Error: 
error: Redis Error: 
error: Redis Error: 
error: Redis Error: 
error: Redis Error: 
error: Redis Error: 
error: Redis Error: 
error: Redis Error: 
error: Redis Error: 
error: Redis Error: 
error: Redis Error: 
error: Redis Error: 
error: Redis Error: 
error: Redis Error: 
error: Redis Error: 
error: Redis Error: 
error: Redis Error: 
error: Redis Error: 
error: Redis Error: 
error: Redis Error: 
error: Redis Error: 
error: Redis Error: 
error: Redis Error: 
error: Redis Error: 
error: Redis Error: 
error: Redis Error: 
error: Redis Error: 
error: Redis Error: 
error: Redis Error: 
error: Redis Error: 
error: Redis Error: 
error: Redis Error: 
error: Redis Error: 
error: Redis Error: 
error: Redis Error: 
error: Redis Error: 
error: Redis Error: 
error: Redis Error: 
error: Redis Error: 
error: Redis Error: 
error: Redis Error: 
error: Redis Error: 
error: Redis Error: 
error: Redis Error: 
error: Redis Error: 
error: Redis Error: 
error: Redis Error: 
error: Redis Error: 
error: Redis Error: 
error: Redis Error: 
error: Redis Error: 
error: Redis Error: 
error: Redis Error: 
error: Redis Error: 
error: Redis Error: 
error: Redis Error: 
error: Redis Error: 
error: Redis Error: 
error: Redis Error: 
error: Redis Error: 
error: Redis Error: 
error: Redis Error: 
error: Redis Error: 
error: Redis Error: 
error: Redis Error: 
error: Redis Error: 
error: Redis Error: 
error: Redis Error: 
error: Redis Error: 
error: Redis Error: 
error: Redis Error: 
error: Redis Error: 
error: Redis Error: 
error: Redis Error: 
error: Redis Error: 
error: Redis Error: 
error: Redis Error: 
error: Redis Error: 
error: Redis Error: 
error: Redis Error: 
error: Redis Error: 
error: Redis Error: 
error: Redis Error: 
error: Redis Error: 
error: Redis Error: 
error: Redis Error: 
error: Redis Error: 
error: Redis Error: 
error: Redis Error: 
error: Redis Error: 
error: Redis Error: 
error: Redis Error: 
error: Redis Error: 
error: Redis Error: 
error: Redis Error: 
error: Redis Error: 
error: Redis Error: 
error: Redis Error: 
error: Redis Error: 
error: Redis Error: 
error: Redis Error: 
error: Redis Error: 
error: Redis Error: 
error: Redis Error: 
error: Redis Error: 
error: Redis Error: 
error: Redis Error: 
error: Redis Error: 
error: Redis Error: 
error: Redis Error: 
error: Redis Error: 
error: Redis Error: 
error: Redis Error: 
error: Redis Error: 
error: Redis Error: 
error: Redis Error: 
error: Redis Error: 
error: Redis Error: 
error: Redis Error: 
error: Redis Error: 
error: Redis Error: 
error: Redis Error: 
error: Redis Error: 
error: Redis Error: 
error: Redis Error: 
error: Redis Error: 
error: Redis Error: 
error: Redis Error: 
error: Redis Error: 
error: Redis Error: 
error: Redis Error: 
error: Redis Error: 
error: Redis Error: 
error: Redis Error: 
error: Redis Error: 
error: Redis Error: 
error: Redis Error: 
error: Redis Error: 
error: Redis Error: 
error: ::1 - GET /experiment/vendors 404 - 20.016 ms - message: Not found
error: ::1 - GET /experiment/vendors 404 - 1.621 ms - message: Not found
error: ::1 - GET /experiment/vendors 404 - 0.773 ms - message: Not found
error: ::1 - GET /experiment/vendors 404 - 0.534 ms - message: Not found
error: ::1 - GET /experiment/vendors 404 - 1.071 ms - message: Not found
error: ::1 - POST /experiment/ai-analyze-image 500 - 1.137 ms - message: request entity too large
error: ::1 - POST /experiment/evidence/save 404 - 1.470 ms - message: Not found
error: ::1 - POST /experiment/evidence/save 404 - 0.702 ms - message: Not found
error: ::1 - GET /experiment/evidence/fraud/v4 404 - 0.663 ms - message: Not found
error: ::1 - GET /experiment/evidence/fraud/v4 404 - 0.691 ms - message: Not found
error: ::1 - GET /experiment/evidence/verified/v4 404 - 1.459 ms - message: Not found
error: ::1 - GET /experiment/evidence/fraud/v4 404 - 0.628 ms - message: Not found
error: ::1 - GET /experiment/evidence/verified/v4 404 - 0.621 ms - message: Not found
error: ::1 - GET /experiment/evidence/fraud/v4 404 - 0.588 ms - message: Not found
error: ::1 - GET /experiment/evidence/verified/v4 404 - 0.604 ms - message: Not found
error: ::1 - GET /experiment/evidence/fraud/v4 404 - 1.036 ms - message: Not found
error: ::1 - GET /experiment/evidence/verified/v4 404 - 0.684 ms - message: Not found
error: ::1 - POST /experiment/evidence/save 404 - 0.636 ms - message: Not found
error: ::1 - GET /experiment/evidence/fraud/v4 404 - 0.493 ms - message: Not found
error: ::1 - GET /experiment/evidence/fraud/v4 404 - 0.630 ms - message: Not found
error: ::1 - GET /experiment/evidence/verified/v4 404 - 0.688 ms - message: Not found
error: ::1 - GET /experiment/evidence/fraud/v9 404 - 0.435 ms - message: Not found
error: ::1 - GET /experiment/evidence/fraud/v9 404 - 0.429 ms - message: Not found
error: ::1 - GET /experiment/evidence/verified/v9 404 - 0.550 ms - message: Not found
error: ::1 - GET /experiment/evidence/fraud/v9 404 - 0.835 ms - message: Not found
error: ::1 - GET /experiment/evidence/fraud/v9 404 - 0.561 ms - message: Not found
error: ::1 - GET /experiment/evidence/fraud/v9 404 - 0.400 ms - message: Not found
error: ::1 - GET /experiment/project-evidence/project_001/v9 404 - 0.626 ms - message: Not found
error: ::1 - POST /experiment/project-evidence/save 404 - 0.857 ms - message: Not found
error: ::1 - GET /experiment/project-evidence/project_001/v9 404 - 0.440 ms - message: Not found
error: ::1 - POST /experiment/project-evidence/save 404 - 0.535 ms - message: Not found
error: ::1 - GET /experiment/project-evidence/project_001/v9 404 - 0.587 ms - message: Not found
error: ::1 - POST /experiment/project-evidence/save 404 - 0.565 ms - message: Not found
error: ::1 - GET /experiment/project-evidence/project_001/v9 404 - 0.909 ms - message: Not found
error: ::1 - POST /experiment/project-evidence/save 404 - 0.475 ms - message: Not found
error: ::1 - GET /experiment/project-evidence/project_001/v9 404 - 0.583 ms - message: Not found
error: ::1 - POST /experiment/project-evidence/save 404 - 0.883 ms - message: Not found
error: ::1 - GET /experiment/project-evidence/project_001/v9 404 - 0.551 ms - message: Not found
error: ::1 - POST /experiment/project-evidence/save 404 - 0.510 ms - message: Not found
error: ::1 - GET /experiment/project-evidence/project_001/v9 404 - 0.604 ms - message: Not found
error: ::1 - POST /experiment/project-evidence/save 404 - 0.760 ms - message: Not found
error: ::1 - GET /experiment/project-evidence/project_001/v9 404 - 0.988 ms - message: Not found
error: ::1 - POST /experiment/project-evidence/save 404 - 0.527 ms - message: Not found
error: ::1 - POST /experiment/project-evidence/save 500 - 18.915 ms - message: Expected property name or '}' in JSON at position 1 (line 1 column 2)
error: ::1 - POST /experiment/project-evidence/save 500 - 0.820 ms - message: Expected property name or '}' in JSON at position 1 (line 1 column 2)
error: ::ffff:127.0.0.1 - GET /favicon.ico 404 - 2.466 ms - message: Not found
error: ::ffff:127.0.0.1 - GET /favicon.ico 404 - 1.011 ms - message: Not found
error: ::1 - GET /favicon.ico 404 - 1.188 ms - message: Not found
error: ::ffff:127.0.0.1 - HEAD /v1/projects 401 - 10.361 ms - message: Please authenticate
error: ::ffff:127.0.0.1 - GET /v1/projects 401 - 1.061 ms - message: Please authenticate
error: ::ffff:127.0.0.1 - GET /favicon.ico 404 - 1.225 ms - message: Not found
